mode: atomic
github.com/wambozi/sigil/internal/actuator/build_split.go:21.66,23.2 1 3
github.com/wambozi/sigil/internal/actuator/build_split.go:28.118,29.28 1 3
github.com/wambozi/sigil/internal/actuator/build_split.go:29.28,30.36 1 6
github.com/wambozi/sigil/internal/actuator/build_split.go:30.36,31.12 1 3
github.com/wambozi/sigil/internal/actuator/build_split.go:33.3,34.16 2 3
github.com/wambozi/sigil/internal/actuator/build_split.go:34.16,35.12 1 1
github.com/wambozi/sigil/internal/actuator/build_split.go:38.3,38.34 1 2
github.com/wambozi/sigil/internal/actuator/build_split.go:38.34,40.11 2 2
github.com/wambozi/sigil/internal/actuator/build_split.go:40.11,42.5 1 1
github.com/wambozi/sigil/internal/actuator/build_split.go:43.4,43.41 1 2
github.com/wambozi/sigil/internal/actuator/build_split.go:43.41,54.5 3 1
github.com/wambozi/sigil/internal/actuator/build_split.go:54.10,54.29 1 1
github.com/wambozi/sigil/internal/actuator/build_split.go:54.29,63.5 3 1
github.com/wambozi/sigil/internal/actuator/build_split.go:63.10,63.30 1 0
github.com/wambozi/sigil/internal/actuator/build_split.go:63.30,72.5 3 0
github.com/wambozi/sigil/internal/actuator/container_warm.go:32.130,39.2 1 4
github.com/wambozi/sigil/internal/actuator/container_warm.go:41.47,41.74 1 1
github.com/wambozi/sigil/internal/actuator/container_warm.go:43.78,44.16 1 3
github.com/wambozi/sigil/internal/actuator/container_warm.go:44.16,46.3 1 1
github.com/wambozi/sigil/internal/actuator/container_warm.go:49.2,50.16 2 2
github.com/wambozi/sigil/internal/actuator/container_warm.go:50.16,52.3 1 1
github.com/wambozi/sigil/internal/actuator/container_warm.go:53.2,53.22 1 1
github.com/wambozi/sigil/internal/actuator/container_warm.go:53.22,55.3 1 1
github.com/wambozi/sigil/internal/actuator/container_warm.go:57.2,58.21 2 0
github.com/wambozi/sigil/internal/actuator/container_warm.go:58.21,60.3 1 0
github.com/wambozi/sigil/internal/actuator/container_warm.go:63.2,65.49 3 0
github.com/wambozi/sigil/internal/actuator/container_warm.go:65.49,67.3 1 0
github.com/wambozi/sigil/internal/actuator/container_warm.go:70.2,71.24 2 0
github.com/wambozi/sigil/internal/actuator/container_warm.go:71.24,73.3 1 0
github.com/wambozi/sigil/internal/actuator/container_warm.go:76.2,77.23 2 0
github.com/wambozi/sigil/internal/actuator/container_warm.go:77.23,79.3 1 0
github.com/wambozi/sigil/internal/actuator/container_warm.go:81.2,82.31 2 0
github.com/wambozi/sigil/internal/actuator/container_warm.go:82.31,90.3 1 0
github.com/wambozi/sigil/internal/actuator/container_warm.go:92.2,92.21 1 0
github.com/wambozi/sigil/internal/actuator/container_warm.go:97.80,98.22 1 4
github.com/wambozi/sigil/internal/actuator/container_warm.go:98.22,100.3 1 1
github.com/wambozi/sigil/internal/actuator/container_warm.go:102.2,106.35 3 3
github.com/wambozi/sigil/internal/actuator/container_warm.go:106.35,108.25 2 5
github.com/wambozi/sigil/internal/actuator/container_warm.go:108.25,110.4 1 3
github.com/wambozi/sigil/internal/actuator/container_warm.go:113.2,115.38 3 3
github.com/wambozi/sigil/internal/actuator/container_warm.go:115.38,116.24 1 4
github.com/wambozi/sigil/internal/actuator/container_warm.go:116.24,119.4 2 3
github.com/wambozi/sigil/internal/actuator/container_warm.go:121.2,121.17 1 3
github.com/wambozi/sigil/internal/actuator/container_warm.go:126.64,130.35 3 1
github.com/wambozi/sigil/internal/actuator/container_warm.go:130.35,131.109 1 1
github.com/wambozi/sigil/internal/actuator/container_warm.go:131.109,134.18 3 4
github.com/wambozi/sigil/internal/actuator/container_warm.go:134.18,135.13 1 3
github.com/wambozi/sigil/internal/actuator/container_warm.go:139.4,141.23 3 1
github.com/wambozi/sigil/internal/actuator/container_warm.go:141.23,143.47 2 8
github.com/wambozi/sigil/internal/actuator/container_warm.go:143.47,145.14 2 1
github.com/wambozi/sigil/internal/actuator/container_warm.go:147.5,147.19 1 7
github.com/wambozi/sigil/internal/actuator/container_warm.go:147.19,149.60 1 5
github.com/wambozi/sigil/internal/actuator/container_warm.go:149.60,151.15 2 1
github.com/wambozi/sigil/internal/actuator/container_warm.go:153.6,154.76 2 4
github.com/wambozi/sigil/internal/actuator/container_warm.go:154.76,156.21 2 2
github.com/wambozi/sigil/internal/actuator/container_warm.go:156.21,159.8 2 2
github.com/wambozi/sigil/internal/actuator/container_warm.go:163.4,163.13 1 1
github.com/wambozi/sigil/internal/actuator/container_warm.go:166.2,166.17 1 1
github.com/wambozi/sigil/internal/actuator/container_warm.go:171.83,173.16 2 0
github.com/wambozi/sigil/internal/actuator/container_warm.go:173.16,176.3 2 0
github.com/wambozi/sigil/internal/actuator/container_warm.go:178.2,179.29 2 0
github.com/wambozi/sigil/internal/actuator/container_warm.go:179.29,181.3 1 0
github.com/wambozi/sigil/internal/actuator/container_warm.go:183.2,185.21 3 0
github.com/wambozi/sigil/internal/actuator/container_warm.go:185.21,187.22 2 0
github.com/wambozi/sigil/internal/actuator/container_warm.go:187.22,188.12 1 0
github.com/wambozi/sigil/internal/actuator/container_warm.go:190.3,193.32 3 0
github.com/wambozi/sigil/internal/actuator/container_warm.go:193.32,194.91 1 0
github.com/wambozi/sigil/internal/actuator/container_warm.go:194.91,196.10 2 0
github.com/wambozi/sigil/internal/actuator/container_warm.go:200.2,200.16 1 0
github.com/wambozi/sigil/internal/actuator/registry.go:15.59,17.2 1 0
github.com/wambozi/sigil/internal/actuator/registry.go:36.74,43.2 1 8
github.com/wambozi/sigil/internal/actuator/registry.go:46.41,48.2 1 2
github.com/wambozi/sigil/internal/actuator/registry.go:51.41,53.2 1 6
github.com/wambozi/sigil/internal/actuator/registry.go:56.45,62.6 4 1
github.com/wambozi/sigil/internal/actuator/registry.go:62.6,63.10 1 1
github.com/wambozi/sigil/internal/actuator/registry.go:64.21,65.10 1 1
github.com/wambozi/sigil/internal/actuator/registry.go:66.19,67.15 1 0
github.com/wambozi/sigil/internal/actuator/registry.go:72.46,73.32 1 6
github.com/wambozi/sigil/internal/actuator/registry.go:73.32,75.17 2 5
github.com/wambozi/sigil/internal/actuator/registry.go:75.17,77.12 2 1
github.com/wambozi/sigil/internal/actuator/registry.go:79.3,79.34 1 4
github.com/wambozi/sigil/internal/actuator/registry.go:79.34,81.31 1 4
github.com/wambozi/sigil/internal/actuator/registry.go:81.31,82.60 1 2
github.com/wambozi/sigil/internal/actuator/registry.go:82.60,88.14 2 1
github.com/wambozi/sigil/internal/actuator/registry.go:93.4,93.22 1 3
github.com/wambozi/sigil/internal/actuator/registry.go:93.22,98.19 1 3
github.com/wambozi/sigil/internal/actuator/registry.go:98.19,100.6 1 1
github.com/wambozi/sigil/internal/actuator/registry.go:104.4,104.23 1 3
github.com/wambozi/sigil/internal/actuator/registry.go:104.23,106.5 1 1
github.com/wambozi/sigil/internal/actuator/registry.go:108.4,111.39 1 3
github.com/wambozi/sigil/internal/actuator/registry.go:118.42,119.20 1 1
github.com/wambozi/sigil/internal/actuator/registry.go:119.20,126.3 2 1
github.com/wambozi/sigil/internal/actuator/registry.go:127.2,127.21 1 1
github.com/wambozi/sigil/internal/actuator/registry.go:127.21,129.3 1 1
github.com/wambozi/sigil/internal/event/payload.go:8.62,9.42 1 6
github.com/wambozi/sigil/internal/event/payload.go:10.15,11.22 1 2
github.com/wambozi/sigil/internal/event/payload.go:12.11,13.17 1 1
github.com/wambozi/sigil/internal/event/payload.go:14.13,15.22 1 1
github.com/wambozi/sigil/internal/event/payload.go:17.2,17.17 1 2
github.com/wambozi/sigil/internal/event/payload.go:23.40,24.15 1 21
github.com/wambozi/sigil/internal/event/payload.go:24.15,26.3 1 1
github.com/wambozi/sigil/internal/event/payload.go:27.2,35.29 3 20
github.com/wambozi/sigil/internal/event/payload.go:35.29,36.34 1 163
github.com/wambozi/sigil/internal/event/payload.go:36.34,38.4 1 16
github.com/wambozi/sigil/internal/event/payload.go:40.2,40.14 1 4
github.com/wambozi/sigil/internal/event/payload.go:44.52,47.2 2 3
github.com/wambozi/sigil/internal/event/payload.go:51.58,54.2 2 3
github.com/wambozi/sigil/internal/collector/collector.go:46.56,52.2 1 9
github.com/wambozi/sigil/internal/collector/collector.go:55.37,57.2 1 11
github.com/wambozi/sigil/internal/collector/collector.go:62.54,65.32 2 7
github.com/wambozi/sigil/internal/collector/collector.go:65.32,67.17 2 8
github.com/wambozi/sigil/internal/collector/collector.go:67.17,70.4 2 2
github.com/wambozi/sigil/internal/collector/collector.go:72.3,73.34 2 6
github.com/wambozi/sigil/internal/collector/collector.go:76.2,76.12 1 5
github.com/wambozi/sigil/internal/collector/collector.go:80.28,81.21 1 4
github.com/wambozi/sigil/internal/collector/collector.go:81.21,83.3 1 4
github.com/wambozi/sigil/internal/collector/collector.go:84.2,85.20 2 4
github.com/wambozi/sigil/internal/collector/collector.go:89.84,92.6 2 6
github.com/wambozi/sigil/internal/collector/collector.go:92.6,93.10 1 9
github.com/wambozi/sigil/internal/collector/collector.go:94.22,95.11 1 6
github.com/wambozi/sigil/internal/collector/collector.go:95.11,97.5 1 3
github.com/wambozi/sigil/internal/collector/collector.go:98.4,98.54 1 3
github.com/wambozi/sigil/internal/collector/collector.go:98.54,100.13 2 0
github.com/wambozi/sigil/internal/collector/collector.go:103.4,103.11 1 3
github.com/wambozi/sigil/internal/collector/collector.go:104.26,104.26 0 2
github.com/wambozi/sigil/internal/collector/collector.go:105.12,105.12 0 1
github.com/wambozi/sigil/internal/collector/collector.go:108.21,109.10 1 3
github.com/wambozi/sigil/internal/collector/sources/files.go:48.36,48.54 1 1
github.com/wambozi/sigil/internal/collector/sources/files.go:51.78,52.32 1 0
github.com/wambozi/sigil/internal/collector/sources/files.go:52.32,54.3 1 0
github.com/wambozi/sigil/internal/collector/sources/files.go:56.2,57.16 2 0
github.com/wambozi/sigil/internal/collector/sources/files.go:57.16,59.3 1 0
github.com/wambozi/sigil/internal/collector/sources/files.go:62.2,62.31 1 0
github.com/wambozi/sigil/internal/collector/sources/files.go:62.31,63.60 1 0
github.com/wambozi/sigil/internal/collector/sources/files.go:63.60,66.4 2 0
github.com/wambozi/sigil/internal/collector/sources/files.go:69.2,71.12 2 0
github.com/wambozi/sigil/internal/collector/sources/files.go:71.12,75.7 3 0
github.com/wambozi/sigil/internal/collector/sources/files.go:75.7,76.11 1 0
github.com/wambozi/sigil/internal/collector/sources/files.go:77.22,78.11 1 0
github.com/wambozi/sigil/internal/collector/sources/files.go:80.30,81.12 1 0
github.com/wambozi/sigil/internal/collector/sources/files.go:81.12,83.6 1 0
github.com/wambozi/sigil/internal/collector/sources/files.go:87.5,87.63 1 0
github.com/wambozi/sigil/internal/collector/sources/files.go:87.63,91.6 1 0
github.com/wambozi/sigil/internal/collector/sources/files.go:94.5,94.32 1 0
github.com/wambozi/sigil/internal/collector/sources/files.go:94.32,95.14 1 0
github.com/wambozi/sigil/internal/collector/sources/files.go:98.5,107.12 2 0
github.com/wambozi/sigil/internal/collector/sources/files.go:108.18,108.18 0 0
github.com/wambozi/sigil/internal/collector/sources/files.go:109.23,110.12 1 0
github.com/wambozi/sigil/internal/collector/sources/files.go:113.31,114.12 1 0
github.com/wambozi/sigil/internal/collector/sources/files.go:114.12,116.6 1 0
github.com/wambozi/sigil/internal/collector/sources/files.go:117.5,125.12 2 0
github.com/wambozi/sigil/internal/collector/sources/files.go:126.18,126.18 0 0
github.com/wambozi/sigil/internal/collector/sources/files.go:127.23,128.12 1 0
github.com/wambozi/sigil/internal/collector/sources/files.go:134.2,134.16 1 0
github.com/wambozi/sigil/internal/collector/sources/files.go:139.82,141.82 2 0
github.com/wambozi/sigil/internal/collector/sources/files.go:141.82,142.17 1 0
github.com/wambozi/sigil/internal/collector/sources/files.go:142.17,144.4 1 0
github.com/wambozi/sigil/internal/collector/sources/files.go:145.3,145.17 1 0
github.com/wambozi/sigil/internal/collector/sources/files.go:145.17,147.4 1 0
github.com/wambozi/sigil/internal/collector/sources/files.go:148.3,148.27 1 0
github.com/wambozi/sigil/internal/collector/sources/files.go:148.27,150.4 1 0
github.com/wambozi/sigil/internal/collector/sources/files.go:151.3,151.43 1 0
github.com/wambozi/sigil/internal/collector/sources/files.go:151.43,153.4 1 0
github.com/wambozi/sigil/internal/collector/sources/files.go:154.3,155.13 2 0
github.com/wambozi/sigil/internal/collector/sources/files.go:157.2,157.19 1 0
github.com/wambozi/sigil/internal/collector/sources/files.go:161.53,162.39 1 16
github.com/wambozi/sigil/internal/collector/sources/files.go:162.39,164.60 1 88
github.com/wambozi/sigil/internal/collector/sources/files.go:164.60,166.4 1 11
github.com/wambozi/sigil/internal/collector/sources/files.go:168.2,168.14 1 5
github.com/wambozi/sigil/internal/collector/sources/git.go:23.35,23.51 1 1
github.com/wambozi/sigil/internal/collector/sources/git.go:27.77,29.16 2 0
github.com/wambozi/sigil/internal/collector/sources/git.go:29.16,31.3 1 0
github.com/wambozi/sigil/internal/collector/sources/git.go:33.2,33.35 1 0
github.com/wambozi/sigil/internal/collector/sources/git.go:33.35,35.44 2 0
github.com/wambozi/sigil/internal/collector/sources/git.go:35.44,36.12 1 0
github.com/wambozi/sigil/internal/collector/sources/git.go:38.3,38.39 1 0
github.com/wambozi/sigil/internal/collector/sources/git.go:38.39,41.4 1 0
github.com/wambozi/sigil/internal/collector/sources/git.go:44.2,46.12 2 0
github.com/wambozi/sigil/internal/collector/sources/git.go:46.12,50.7 3 0
github.com/wambozi/sigil/internal/collector/sources/git.go:50.7,51.11 1 0
github.com/wambozi/sigil/internal/collector/sources/git.go:52.22,53.11 1 0
github.com/wambozi/sigil/internal/collector/sources/git.go:55.30,56.12 1 0
github.com/wambozi/sigil/internal/collector/sources/git.go:56.12,58.6 1 0
github.com/wambozi/sigil/internal/collector/sources/git.go:59.5,60.12 2 0
github.com/wambozi/sigil/internal/collector/sources/git.go:60.12,61.14 1 0
github.com/wambozi/sigil/internal/collector/sources/git.go:63.5,63.12 1 0
github.com/wambozi/sigil/internal/collector/sources/git.go:64.18,64.18 0 0
github.com/wambozi/sigil/internal/collector/sources/git.go:65.23,66.12 1 0
github.com/wambozi/sigil/internal/collector/sources/git.go:69.29,70.12 1 0
github.com/wambozi/sigil/internal/collector/sources/git.go:70.12,72.6 1 0
github.com/wambozi/sigil/internal/collector/sources/git.go:77.2,77.16 1 0
github.com/wambozi/sigil/internal/collector/sources/git.go:82.77,86.9 3 10
github.com/wambozi/sigil/internal/collector/sources/git.go:87.32,89.21 1 1
github.com/wambozi/sigil/internal/collector/sources/git.go:90.22,92.26 1 2
github.com/wambozi/sigil/internal/collector/sources/git.go:93.23,95.27 1 1
github.com/wambozi/sigil/internal/collector/sources/git.go:96.51,97.20 1 2
github.com/wambozi/sigil/internal/collector/sources/git.go:98.56,99.21 1 2
github.com/wambozi/sigil/internal/collector/sources/git.go:100.10,101.30 1 2
github.com/wambozi/sigil/internal/collector/sources/git.go:105.2,107.36 3 8
github.com/wambozi/sigil/internal/collector/sources/git.go:107.36,109.3 1 8
github.com/wambozi/sigil/internal/collector/sources/git.go:111.2,121.9 1 8
github.com/wambozi/sigil/internal/collector/sources/hyprland.go:27.40,27.61 1 1
github.com/wambozi/sigil/internal/collector/sources/hyprland.go:32.82,36.20 3 0
github.com/wambozi/sigil/internal/collector/sources/hyprland.go:36.20,38.13 1 0
github.com/wambozi/sigil/internal/collector/sources/hyprland.go:38.13,41.4 2 0
github.com/wambozi/sigil/internal/collector/sources/hyprland.go:42.3,42.17 1 0
github.com/wambozi/sigil/internal/collector/sources/hyprland.go:45.2,46.16 2 0
github.com/wambozi/sigil/internal/collector/sources/hyprland.go:46.16,48.13 1 0
github.com/wambozi/sigil/internal/collector/sources/hyprland.go:48.13,51.4 2 0
github.com/wambozi/sigil/internal/collector/sources/hyprland.go:52.3,52.17 1 0
github.com/wambozi/sigil/internal/collector/sources/hyprland.go:55.2,55.12 1 0
github.com/wambozi/sigil/internal/collector/sources/hyprland.go:55.12,60.13 3 0
github.com/wambozi/sigil/internal/collector/sources/hyprland.go:60.13,63.4 2 0
github.com/wambozi/sigil/internal/collector/sources/hyprland.go:65.3,66.22 2 0
github.com/wambozi/sigil/internal/collector/sources/hyprland.go:66.22,69.11 3 0
github.com/wambozi/sigil/internal/collector/sources/hyprland.go:69.11,70.13 1 0
github.com/wambozi/sigil/internal/collector/sources/hyprland.go:72.4,72.11 1 0
github.com/wambozi/sigil/internal/collector/sources/hyprland.go:73.17,73.17 0 0
github.com/wambozi/sigil/internal/collector/sources/hyprland.go:74.22,75.11 1 0
github.com/wambozi/sigil/internal/collector/sources/hyprland.go:80.2,80.16 1 0
github.com/wambozi/sigil/internal/collector/sources/hyprland.go:85.46,86.24 1 0
github.com/wambozi/sigil/internal/collector/sources/hyprland.go:86.24,88.3 1 0
github.com/wambozi/sigil/internal/collector/sources/hyprland.go:89.2,89.29 1 0
github.com/wambozi/sigil/internal/collector/sources/hyprland.go:95.34,97.15 2 0
github.com/wambozi/sigil/internal/collector/sources/hyprland.go:97.15,99.3 1 0
github.com/wambozi/sigil/internal/collector/sources/hyprland.go:100.2,101.19 2 0
github.com/wambozi/sigil/internal/collector/sources/hyprland.go:101.19,103.3 1 0
github.com/wambozi/sigil/internal/collector/sources/hyprland.go:104.2,105.41 2 0
github.com/wambozi/sigil/internal/collector/sources/hyprland.go:105.41,107.3 1 0
github.com/wambozi/sigil/internal/collector/sources/hyprland.go:108.2,108.13 1 0
github.com/wambozi/sigil/internal/collector/sources/hyprland.go:117.58,119.38 2 6
github.com/wambozi/sigil/internal/collector/sources/hyprland.go:119.38,121.3 1 4
github.com/wambozi/sigil/internal/collector/sources/hyprland.go:123.2,136.9 3 2
github.com/wambozi/sigil/internal/collector/sources/hyprland.go:142.88,144.27 2 1
github.com/wambozi/sigil/internal/collector/sources/hyprland.go:144.27,146.16 2 3
github.com/wambozi/sigil/internal/collector/sources/hyprland.go:146.16,147.12 1 0
github.com/wambozi/sigil/internal/collector/sources/hyprland.go:149.3,150.25 2 3
github.com/wambozi/sigil/internal/collector/sources/hyprland.go:152.2,152.28 1 1
github.com/wambozi/sigil/internal/collector/sources/hyprland.go:157.62,159.27 2 2
github.com/wambozi/sigil/internal/collector/sources/hyprland.go:159.27,161.16 2 10
github.com/wambozi/sigil/internal/collector/sources/hyprland.go:161.16,163.4 1 9
github.com/wambozi/sigil/internal/collector/sources/hyprland.go:165.2,165.15 1 2
github.com/wambozi/sigil/internal/collector/sources/hyprland.go:170.54,171.21 1 2
github.com/wambozi/sigil/internal/collector/sources/hyprland.go:171.21,173.3 1 1
github.com/wambozi/sigil/internal/collector/sources/hyprland.go:174.2,177.18 4 1
github.com/wambozi/sigil/internal/collector/sources/hyprland.go:177.18,179.3 1 0
github.com/wambozi/sigil/internal/collector/sources/hyprland.go:180.2,180.37 1 1
github.com/wambozi/sigil/internal/collector/sources/hyprland.go:185.65,189.33 3 1
github.com/wambozi/sigil/internal/collector/sources/hyprland.go:189.33,191.3 1 3
github.com/wambozi/sigil/internal/collector/sources/hyprland.go:194.2,194.36 1 1
github.com/wambozi/sigil/internal/collector/sources/hyprland.go:194.36,195.67 1 2
github.com/wambozi/sigil/internal/collector/sources/hyprland.go:195.67,197.4 1 0
github.com/wambozi/sigil/internal/collector/sources/hyprland.go:200.2,200.31 1 1
github.com/wambozi/sigil/internal/collector/sources/hyprland.go:200.31,202.3 1 1
github.com/wambozi/sigil/internal/collector/sources/hyprland.go:203.2,203.16 1 1
github.com/wambozi/sigil/internal/collector/sources/hyprland.go:212.43,214.2 1 1
github.com/wambozi/sigil/internal/collector/sources/process.go:41.39,41.59 1 1
github.com/wambozi/sigil/internal/collector/sources/process.go:43.81,44.21 1 0
github.com/wambozi/sigil/internal/collector/sources/process.go:44.21,46.3 1 0
github.com/wambozi/sigil/internal/collector/sources/process.go:47.2,47.26 1 0
github.com/wambozi/sigil/internal/collector/sources/process.go:47.26,49.3 1 0
github.com/wambozi/sigil/internal/collector/sources/process.go:50.2,54.12 3 0
github.com/wambozi/sigil/internal/collector/sources/process.go:54.12,60.7 4 0
github.com/wambozi/sigil/internal/collector/sources/process.go:60.7,61.11 1 0
github.com/wambozi/sigil/internal/collector/sources/process.go:62.22,63.11 1 0
github.com/wambozi/sigil/internal/collector/sources/process.go:64.20,66.19 2 0
github.com/wambozi/sigil/internal/collector/sources/process.go:66.19,67.14 1 0
github.com/wambozi/sigil/internal/collector/sources/process.go:71.5,71.29 1 0
github.com/wambozi/sigil/internal/collector/sources/process.go:71.29,73.46 2 0
github.com/wambozi/sigil/internal/collector/sources/process.go:73.46,74.15 1 0
github.com/wambozi/sigil/internal/collector/sources/process.go:77.6,101.13 5 0
github.com/wambozi/sigil/internal/collector/sources/process.go:102.19,102.19 0 0
github.com/wambozi/sigil/internal/collector/sources/process.go:103.24,104.13 1 0
github.com/wambozi/sigil/internal/collector/sources/process.go:109.5,112.33 2 0
github.com/wambozi/sigil/internal/collector/sources/process.go:117.2,117.16 1 0
github.com/wambozi/sigil/internal/collector/sources/process.go:123.41,124.34 1 0
github.com/wambozi/sigil/internal/collector/sources/process.go:124.34,126.18 2 0
github.com/wambozi/sigil/internal/collector/sources/process.go:126.18,128.4 1 0
github.com/wambozi/sigil/internal/collector/sources/process.go:129.3,129.16 1 0
github.com/wambozi/sigil/internal/collector/sources/process.go:129.16,131.4 1 0
github.com/wambozi/sigil/internal/collector/sources/process.go:145.65,152.16 4 2
github.com/wambozi/sigil/internal/collector/sources/process.go:152.16,154.3 1 1
github.com/wambozi/sigil/internal/collector/sources/process.go:155.2,158.21 3 1
github.com/wambozi/sigil/internal/collector/sources/process.go:158.21,160.40 2 3
github.com/wambozi/sigil/internal/collector/sources/process.go:160.40,163.24 2 1
github.com/wambozi/sigil/internal/collector/sources/process.go:163.24,165.5 1 1
github.com/wambozi/sigil/internal/collector/sources/process.go:166.4,166.9 1 1
github.com/wambozi/sigil/internal/collector/sources/process.go:173.2,173.18 1 1
github.com/wambozi/sigil/internal/collector/sources/process.go:173.18,175.3 1 0
github.com/wambozi/sigil/internal/collector/sources/process.go:177.2,177.24 1 1
github.com/wambozi/sigil/internal/collector/sources/process.go:183.43,186.16 3 2
github.com/wambozi/sigil/internal/collector/sources/process.go:186.16,188.3 1 1
github.com/wambozi/sigil/internal/collector/sources/process.go:192.2,194.52 3 1
github.com/wambozi/sigil/internal/collector/sources/process.go:194.52,196.3 1 0
github.com/wambozi/sigil/internal/collector/sources/process.go:200.2,201.22 2 1
github.com/wambozi/sigil/internal/collector/sources/process.go:201.22,203.3 1 0
github.com/wambozi/sigil/internal/collector/sources/process.go:205.2,206.16 2 1
github.com/wambozi/sigil/internal/collector/sources/process.go:206.16,208.3 1 0
github.com/wambozi/sigil/internal/collector/sources/process.go:210.2,210.18 1 1
github.com/wambozi/sigil/internal/collector/sources/process.go:215.106,217.28 2 0
github.com/wambozi/sigil/internal/collector/sources/process.go:217.28,219.3 1 0
github.com/wambozi/sigil/internal/collector/sources/process.go:221.2,221.36 1 0
github.com/wambozi/sigil/internal/collector/sources/process.go:221.36,222.29 1 0
github.com/wambozi/sigil/internal/collector/sources/process.go:222.29,223.12 1 0
github.com/wambozi/sigil/internal/collector/sources/process.go:226.3,231.31 3 0
github.com/wambozi/sigil/internal/collector/sources/process.go:231.31,232.12 1 0
github.com/wambozi/sigil/internal/collector/sources/process.go:235.3,244.25 2 0
github.com/wambozi/sigil/internal/collector/sources/process.go:244.25,246.4 1 0
github.com/wambozi/sigil/internal/collector/sources/process.go:248.3,254.10 2 0
github.com/wambozi/sigil/internal/collector/sources/process.go:255.16,255.16 0 0
github.com/wambozi/sigil/internal/collector/sources/process.go:256.21,257.10 1 0
github.com/wambozi/sigil/internal/collector/sources/process.go:264.60,266.16 2 0
github.com/wambozi/sigil/internal/collector/sources/process.go:266.16,268.3 1 0
github.com/wambozi/sigil/internal/collector/sources/process.go:270.2,271.32 2 0
github.com/wambozi/sigil/internal/collector/sources/process.go:271.32,272.21 1 0
github.com/wambozi/sigil/internal/collector/sources/process.go:272.21,273.12 1 0
github.com/wambozi/sigil/internal/collector/sources/process.go:276.3,276.31 1 0
github.com/wambozi/sigil/internal/collector/sources/process.go:276.31,277.12 1 0
github.com/wambozi/sigil/internal/collector/sources/process.go:280.3,281.17 2 0
github.com/wambozi/sigil/internal/collector/sources/process.go:281.17,282.12 1 0
github.com/wambozi/sigil/internal/collector/sources/process.go:284.3,284.37 1 0
github.com/wambozi/sigil/internal/collector/sources/process.go:284.37,285.12 1 0
github.com/wambozi/sigil/internal/collector/sources/process.go:288.3,293.5 2 0
github.com/wambozi/sigil/internal/collector/sources/process.go:295.2,295.21 1 0
github.com/wambozi/sigil/internal/collector/sources/process.go:298.47,300.16 2 0
github.com/wambozi/sigil/internal/collector/sources/process.go:300.16,302.3 1 0
github.com/wambozi/sigil/internal/collector/sources/process.go:304.2,304.59 1 0
github.com/wambozi/sigil/internal/collector/sources/process.go:307.44,309.16 2 0
github.com/wambozi/sigil/internal/collector/sources/process.go:309.16,311.3 1 0
github.com/wambozi/sigil/internal/collector/sources/process.go:312.2,315.26 4 0
github.com/wambozi/sigil/internal/collector/sources/process.go:318.51,320.29 2 7
github.com/wambozi/sigil/internal/collector/sources/process.go:320.29,321.33 1 13
github.com/wambozi/sigil/internal/collector/sources/process.go:321.33,323.4 1 4
github.com/wambozi/sigil/internal/collector/sources/process.go:325.2,325.14 1 3
github.com/wambozi/sigil/internal/collector/sources/process.go:328.31,329.22 1 6
github.com/wambozi/sigil/internal/collector/sources/process.go:329.22,330.25 1 9
github.com/wambozi/sigil/internal/collector/sources/process.go:330.25,332.4 1 3
github.com/wambozi/sigil/internal/collector/sources/process.go:334.2,334.19 1 3
github.com/wambozi/sigil/internal/collector/sources/process.go:340.40,342.32 2 7
github.com/wambozi/sigil/internal/collector/sources/process.go:342.32,343.34 1 103
github.com/wambozi/sigil/internal/collector/sources/process.go:343.34,345.4 1 1
github.com/wambozi/sigil/internal/collector/sources/process.go:347.2,347.34 1 6
github.com/wambozi/sigil/internal/collector/sources/process.go:347.34,348.34 1 76
github.com/wambozi/sigil/internal/collector/sources/process.go:348.34,350.4 1 1
github.com/wambozi/sigil/internal/collector/sources/process.go:352.2,352.36 1 5
github.com/wambozi/sigil/internal/collector/sources/process.go:352.36,353.34 1 49
github.com/wambozi/sigil/internal/collector/sources/process.go:353.34,355.4 1 1
github.com/wambozi/sigil/internal/collector/sources/process.go:357.2,357.33 1 4
github.com/wambozi/sigil/internal/collector/sources/process.go:357.33,358.34 1 10
github.com/wambozi/sigil/internal/collector/sources/process.go:358.34,360.4 1 1
github.com/wambozi/sigil/internal/collector/sources/process.go:362.2,362.35 1 3
github.com/wambozi/sigil/internal/collector/sources/process.go:362.35,363.34 1 53
github.com/wambozi/sigil/internal/collector/sources/process.go:363.34,365.4 1 1
github.com/wambozi/sigil/internal/collector/sources/process.go:367.2,367.18 1 2
github.com/wambozi/sigil/internal/collector/sources/process.go:371.29,380.2 8 1
github.com/wambozi/sigil/internal/collector/sources/terminal.go:17.42,19.2 1 4
github.com/wambozi/sigil/internal/collector/sources/terminal.go:21.40,21.61 1 0
github.com/wambozi/sigil/internal/collector/sources/terminal.go:26.48,27.9 1 261
github.com/wambozi/sigil/internal/collector/sources/terminal.go:28.17,28.17 0 260
github.com/wambozi/sigil/internal/collector/sources/terminal.go:29.10,29.10 0 1
github.com/wambozi/sigil/internal/collector/sources/terminal.go:35.82,38.12 2 3
github.com/wambozi/sigil/internal/collector/sources/terminal.go:38.12,40.7 2 3
github.com/wambozi/sigil/internal/collector/sources/terminal.go:40.7,41.11 1 7
github.com/wambozi/sigil/internal/collector/sources/terminal.go:42.21,43.12 1 4
github.com/wambozi/sigil/internal/collector/sources/terminal.go:44.19,44.19 0 4
github.com/wambozi/sigil/internal/collector/sources/terminal.go:45.23,46.12 1 0
github.com/wambozi/sigil/internal/collector/sources/terminal.go:48.22,49.11 1 3
github.com/wambozi/sigil/internal/collector/sources/terminal.go:54.2,54.17 1 3
github.com/wambozi/sigil/internal/config/config.go:37.50,38.32 1 0
github.com/wambozi/sigil/internal/config/config.go:38.32,40.3 1 0
github.com/wambozi/sigil/internal/config/config.go:41.2,41.29 1 0
github.com/wambozi/sigil/internal/config/config.go:91.25,107.2 1 4
github.com/wambozi/sigil/internal/config/config.go:110.27,112.16 2 0
github.com/wambozi/sigil/internal/config/config.go:112.16,115.3 2 0
github.com/wambozi/sigil/internal/config/config.go:116.2,116.52 1 0
github.com/wambozi/sigil/internal/config/config.go:122.41,126.16 3 4
github.com/wambozi/sigil/internal/config/config.go:126.16,127.37 1 1
github.com/wambozi/sigil/internal/config/config.go:127.37,129.4 1 1
github.com/wambozi/sigil/internal/config/config.go:130.3,130.59 1 0
github.com/wambozi/sigil/internal/config/config.go:136.2,137.52 2 3
github.com/wambozi/sigil/internal/config/config.go:137.52,139.3 1 1
github.com/wambozi/sigil/internal/config/config.go:141.2,142.17 2 2
github.com/wambozi/sigil/internal/config/config.go:146.34,147.32 1 4
github.com/wambozi/sigil/internal/config/config.go:147.32,150.3 2 0
github.com/wambozi/sigil/internal/config/config.go:151.2,151.10 1 4
github.com/wambozi/sigil/internal/config/config.go:155.30,156.31 1 2
github.com/wambozi/sigil/internal/config/config.go:156.31,158.3 1 2
github.com/wambozi/sigil/internal/config/config.go:159.2,159.35 1 2
github.com/wambozi/sigil/internal/config/config.go:159.35,161.3 1 1
github.com/wambozi/sigil/internal/config/config.go:162.2,162.34 1 2
github.com/wambozi/sigil/internal/config/config.go:162.34,164.3 1 1
github.com/wambozi/sigil/internal/config/config.go:165.2,165.29 1 2
github.com/wambozi/sigil/internal/config/config.go:165.29,167.3 1 1
github.com/wambozi/sigil/internal/config/config.go:168.2,168.33 1 2
github.com/wambozi/sigil/internal/config/config.go:168.33,170.3 1 1
github.com/wambozi/sigil/internal/config/config.go:174.2,174.29 1 2
github.com/wambozi/sigil/internal/config/config.go:174.29,176.3 1 1
github.com/wambozi/sigil/internal/config/config.go:177.2,177.35 1 2
github.com/wambozi/sigil/internal/config/config.go:177.35,179.3 1 1
github.com/wambozi/sigil/internal/config/config.go:181.2,181.30 1 2
github.com/wambozi/sigil/internal/config/config.go:181.30,183.3 1 2
github.com/wambozi/sigil/internal/config/config.go:184.2,184.33 1 2
github.com/wambozi/sigil/internal/config/config.go:184.33,186.3 1 1
github.com/wambozi/sigil/internal/config/config.go:187.2,187.41 1 2
github.com/wambozi/sigil/internal/config/config.go:187.41,189.3 1 1
github.com/wambozi/sigil/internal/config/config.go:190.2,190.41 1 2
github.com/wambozi/sigil/internal/config/config.go:190.41,192.3 1 0
github.com/wambozi/sigil/internal/config/config.go:193.2,193.41 1 2
github.com/wambozi/sigil/internal/config/config.go:193.41,195.3 1 0
github.com/wambozi/sigil/internal/config/config.go:196.2,196.38 1 2
github.com/wambozi/sigil/internal/config/config.go:196.38,198.3 1 0
github.com/wambozi/sigil/internal/config/config.go:199.2,199.40 1 2
github.com/wambozi/sigil/internal/config/config.go:199.40,201.3 1 0
github.com/wambozi/sigil/internal/config/config.go:202.2,202.33 1 2
github.com/wambozi/sigil/internal/config/config.go:202.33,204.3 1 1
github.com/wambozi/sigil/internal/config/config.go:205.2,205.40 1 2
github.com/wambozi/sigil/internal/config/config.go:205.40,207.3 1 1
github.com/wambozi/sigil/internal/config/config.go:208.2,208.39 1 2
github.com/wambozi/sigil/internal/config/config.go:208.39,210.3 1 1
github.com/wambozi/sigil/internal/config/config.go:211.2,211.38 1 2
github.com/wambozi/sigil/internal/config/config.go:211.38,213.3 1 0
github.com/wambozi/sigil/internal/config/config.go:214.2,214.37 1 2
github.com/wambozi/sigil/internal/config/config.go:214.37,216.3 1 0
github.com/wambozi/sigil/internal/config/config.go:218.2,218.37 1 2
github.com/wambozi/sigil/internal/config/config.go:218.37,220.3 1 1
github.com/wambozi/sigil/internal/config/config.go:222.2,222.23 1 2
github.com/wambozi/sigil/internal/config/config.go:222.23,224.3 1 0
github.com/wambozi/sigil/internal/config/config.go:225.2,225.30 1 2
github.com/wambozi/sigil/internal/config/config.go:225.30,227.3 1 0
github.com/wambozi/sigil/internal/config/config.go:228.2,228.30 1 2
github.com/wambozi/sigil/internal/config/config.go:228.30,230.3 1 0
github.com/wambozi/sigil/internal/config/config.go:231.2,231.28 1 2
github.com/wambozi/sigil/internal/config/config.go:231.28,233.3 1 0
github.com/wambozi/sigil/internal/config/config.go:236.41,238.25 2 2
github.com/wambozi/sigil/internal/config/config.go:238.25,240.3 1 2
github.com/wambozi/sigil/internal/config/config.go:241.2,241.12 1 2
github.com/wambozi/sigil/internal/notifier/mocks/mock_Platform.go:13.51,16.19 2 0
github.com/wambozi/sigil/internal/notifier/mocks/mock_Platform.go:16.19,17.49 1 0
github.com/wambozi/sigil/internal/notifier/mocks/mock_Platform.go:20.2,21.51 2 0
github.com/wambozi/sigil/internal/notifier/mocks/mock_Platform.go:21.51,23.3 1 0
github.com/wambozi/sigil/internal/notifier/mocks/mock_Platform.go:23.8,25.3 1 0
github.com/wambozi/sigil/internal/notifier/mocks/mock_Platform.go:27.2,27.11 1 0
github.com/wambozi/sigil/internal/notifier/mocks/mock_Platform.go:31.74,33.2 1 0
github.com/wambozi/sigil/internal/notifier/mocks/mock_Platform.go:40.18,44.19 3 0
github.com/wambozi/sigil/internal/notifier/mocks/mock_Platform.go:44.19,44.49 1 0
github.com/wambozi/sigil/internal/notifier/mocks/mock_Platform.go:46.2,46.13 1 0
github.com/wambozi/sigil/internal/collector/mocks/mock_Source.go:18.79,21.19 2 0
github.com/wambozi/sigil/internal/collector/mocks/mock_Source.go:21.19,22.48 1 0
github.com/wambozi/sigil/internal/collector/mocks/mock_Source.go:25.2,27.82 3 0
github.com/wambozi/sigil/internal/collector/mocks/mock_Source.go:27.82,29.3 1 0
github.com/wambozi/sigil/internal/collector/mocks/mock_Source.go:30.2,30.73 1 0
github.com/wambozi/sigil/internal/collector/mocks/mock_Source.go:30.73,32.3 1 0
github.com/wambozi/sigil/internal/collector/mocks/mock_Source.go:32.8,33.24 1 0
github.com/wambozi/sigil/internal/collector/mocks/mock_Source.go:33.24,35.4 1 0
github.com/wambozi/sigil/internal/collector/mocks/mock_Source.go:38.2,38.60 1 0
github.com/wambozi/sigil/internal/collector/mocks/mock_Source.go:38.60,40.3 1 0
github.com/wambozi/sigil/internal/collector/mocks/mock_Source.go:40.8,42.3 1 0
github.com/wambozi/sigil/internal/collector/mocks/mock_Source.go:44.2,44.15 1 0
github.com/wambozi/sigil/internal/collector/mocks/mock_Source.go:48.37,51.19 2 0
github.com/wambozi/sigil/internal/collector/mocks/mock_Source.go:51.19,52.46 1 0
github.com/wambozi/sigil/internal/collector/mocks/mock_Source.go:55.2,56.46 2 0
github.com/wambozi/sigil/internal/collector/mocks/mock_Source.go:56.46,58.3 1 0
github.com/wambozi/sigil/internal/collector/mocks/mock_Source.go:58.8,60.3 1 0
github.com/wambozi/sigil/internal/collector/mocks/mock_Source.go:62.2,62.11 1 0
github.com/wambozi/sigil/internal/collector/mocks/mock_Source.go:70.16,74.19 3 0
github.com/wambozi/sigil/internal/collector/mocks/mock_Source.go:74.19,74.49 1 0
github.com/wambozi/sigil/internal/collector/mocks/mock_Source.go:76.2,76.13 1 0
github.com/wambozi/sigil/internal/inference/mocks/mock_Backend.go:18.119,21.19 2 0
github.com/wambozi/sigil/internal/inference/mocks/mock_Backend.go:21.19,22.50 1 0
github.com/wambozi/sigil/internal/inference/mocks/mock_Backend.go:25.2,27.107 3 0
github.com/wambozi/sigil/internal/inference/mocks/mock_Backend.go:27.107,29.3 1 0
github.com/wambozi/sigil/internal/inference/mocks/mock_Backend.go:30.2,30.98 1 0
github.com/wambozi/sigil/internal/inference/mocks/mock_Backend.go:30.98,32.3 1 0
github.com/wambozi/sigil/internal/inference/mocks/mock_Backend.go:32.8,33.24 1 0
github.com/wambozi/sigil/internal/inference/mocks/mock_Backend.go:33.24,35.4 1 0
github.com/wambozi/sigil/internal/inference/mocks/mock_Backend.go:38.2,38.76 1 0
github.com/wambozi/sigil/internal/inference/mocks/mock_Backend.go:38.76,40.3 1 0
github.com/wambozi/sigil/internal/inference/mocks/mock_Backend.go:40.8,42.3 1 0
github.com/wambozi/sigil/internal/inference/mocks/mock_Backend.go:44.2,44.15 1 0
github.com/wambozi/sigil/internal/inference/mocks/mock_Backend.go:48.56,51.19 2 0
github.com/wambozi/sigil/internal/inference/mocks/mock_Backend.go:51.19,52.46 1 0
github.com/wambozi/sigil/internal/inference/mocks/mock_Backend.go:55.2,56.60 2 0
github.com/wambozi/sigil/internal/inference/mocks/mock_Backend.go:56.60,58.3 1 0
github.com/wambozi/sigil/internal/inference/mocks/mock_Backend.go:58.8,60.3 1 0
github.com/wambozi/sigil/internal/inference/mocks/mock_Backend.go:62.2,62.11 1 0
github.com/wambozi/sigil/internal/inference/mocks/mock_Backend.go:70.17,74.19 3 0
github.com/wambozi/sigil/internal/inference/mocks/mock_Backend.go:74.19,74.49 1 0
github.com/wambozi/sigil/internal/inference/mocks/mock_Backend.go:76.2,76.13 1 0
github.com/wambozi/sigil/internal/inference/cloud.go:26.73,28.18 2 11
github.com/wambozi/sigil/internal/inference/cloud.go:28.18,30.3 1 11
github.com/wambozi/sigil/internal/inference/cloud.go:32.2,33.18 2 11
github.com/wambozi/sigil/internal/inference/cloud.go:33.18,35.3 1 0
github.com/wambozi/sigil/internal/inference/cloud.go:37.2,38.19 2 11
github.com/wambozi/sigil/internal/inference/cloud.go:38.19,39.17 1 0
github.com/wambozi/sigil/internal/inference/cloud.go:40.20,41.41 1 0
github.com/wambozi/sigil/internal/inference/cloud.go:42.11,43.38 1 0
github.com/wambozi/sigil/internal/inference/cloud.go:47.2,48.17 2 11
github.com/wambozi/sigil/internal/inference/cloud.go:48.17,49.17 1 11
github.com/wambozi/sigil/internal/inference/cloud.go:50.20,51.38 1 4
github.com/wambozi/sigil/internal/inference/cloud.go:52.11,53.25 1 7
github.com/wambozi/sigil/internal/inference/cloud.go:57.2,64.8 1 11
github.com/wambozi/sigil/internal/inference/cloud.go:68.102,69.29 1 6
github.com/wambozi/sigil/internal/inference/cloud.go:69.29,71.3 1 3
github.com/wambozi/sigil/internal/inference/cloud.go:72.2,72.44 1 3
github.com/wambozi/sigil/internal/inference/cloud.go:75.108,77.18 2 3
github.com/wambozi/sigil/internal/inference/cloud.go:77.18,79.3 1 1
github.com/wambozi/sigil/internal/inference/cloud.go:80.2,86.16 3 3
github.com/wambozi/sigil/internal/inference/cloud.go:86.16,88.3 1 0
github.com/wambozi/sigil/internal/inference/cloud.go:90.2,92.16 3 3
github.com/wambozi/sigil/internal/inference/cloud.go:92.16,94.3 1 0
github.com/wambozi/sigil/internal/inference/cloud.go:95.2,96.20 2 3
github.com/wambozi/sigil/internal/inference/cloud.go:96.20,98.3 1 3
github.com/wambozi/sigil/internal/inference/cloud.go:100.2,102.16 3 3
github.com/wambozi/sigil/internal/inference/cloud.go:102.16,104.3 1 0
github.com/wambozi/sigil/internal/inference/cloud.go:105.2,108.38 3 3
github.com/wambozi/sigil/internal/inference/cloud.go:108.38,111.3 2 1
github.com/wambozi/sigil/internal/inference/cloud.go:113.2,114.63 2 2
github.com/wambozi/sigil/internal/inference/cloud.go:114.63,116.3 1 0
github.com/wambozi/sigil/internal/inference/cloud.go:117.2,117.26 1 2
github.com/wambozi/sigil/internal/inference/cloud.go:117.26,119.3 1 0
github.com/wambozi/sigil/internal/inference/cloud.go:121.2,125.8 1 2
github.com/wambozi/sigil/internal/inference/cloud.go:145.111,152.16 2 3
github.com/wambozi/sigil/internal/inference/cloud.go:152.16,154.3 1 0
github.com/wambozi/sigil/internal/inference/cloud.go:156.2,158.16 3 3
github.com/wambozi/sigil/internal/inference/cloud.go:158.16,160.3 1 0
github.com/wambozi/sigil/internal/inference/cloud.go:161.2,167.16 6 3
github.com/wambozi/sigil/internal/inference/cloud.go:167.16,169.3 1 0
github.com/wambozi/sigil/internal/inference/cloud.go:170.2,173.38 3 3
github.com/wambozi/sigil/internal/inference/cloud.go:173.38,176.3 2 1
github.com/wambozi/sigil/internal/inference/cloud.go:178.2,179.63 2 2
github.com/wambozi/sigil/internal/inference/cloud.go:179.63,181.3 1 0
github.com/wambozi/sigil/internal/inference/cloud.go:182.2,182.26 1 2
github.com/wambozi/sigil/internal/inference/cloud.go:182.26,184.3 1 1
github.com/wambozi/sigil/internal/inference/cloud.go:186.2,190.8 1 1
github.com/wambozi/sigil/internal/inference/cloud.go:194.56,195.29 1 4
github.com/wambozi/sigil/internal/inference/cloud.go:195.29,198.17 2 1
github.com/wambozi/sigil/internal/inference/cloud.go:198.17,200.4 1 0
github.com/wambozi/sigil/internal/inference/cloud.go:201.3,202.17 2 1
github.com/wambozi/sigil/internal/inference/cloud.go:202.17,204.4 1 0
github.com/wambozi/sigil/internal/inference/cloud.go:205.3,206.13 2 1
github.com/wambozi/sigil/internal/inference/cloud.go:209.2,211.16 3 3
github.com/wambozi/sigil/internal/inference/cloud.go:211.16,213.3 1 0
github.com/wambozi/sigil/internal/inference/cloud.go:214.2,214.20 1 3
github.com/wambozi/sigil/internal/inference/cloud.go:214.20,216.3 1 3
github.com/wambozi/sigil/internal/inference/cloud.go:217.2,218.16 2 3
github.com/wambozi/sigil/internal/inference/cloud.go:218.16,220.3 1 0
github.com/wambozi/sigil/internal/inference/cloud.go:221.2,222.38 2 3
github.com/wambozi/sigil/internal/inference/cloud.go:222.38,224.3 1 1
github.com/wambozi/sigil/internal/inference/cloud.go:225.2,225.12 1 2
github.com/wambozi/sigil/internal/inference/engine.go:56.57,62.20 2 22
github.com/wambozi/sigil/internal/inference/engine.go:62.20,64.3 1 0
github.com/wambozi/sigil/internal/inference/engine.go:66.2,66.23 1 22
github.com/wambozi/sigil/internal/inference/engine.go:66.23,68.17 2 10
github.com/wambozi/sigil/internal/inference/engine.go:68.17,70.4 1 0
github.com/wambozi/sigil/internal/inference/engine.go:70.9,72.4 1 10
github.com/wambozi/sigil/internal/inference/engine.go:75.2,75.23 1 22
github.com/wambozi/sigil/internal/inference/engine.go:75.23,77.17 2 11
github.com/wambozi/sigil/internal/inference/engine.go:77.17,79.4 1 0
github.com/wambozi/sigil/internal/inference/engine.go:79.9,81.4 1 11
github.com/wambozi/sigil/internal/inference/engine.go:84.2,84.15 1 22
github.com/wambozi/sigil/internal/inference/engine.go:89.96,90.16 1 12
github.com/wambozi/sigil/internal/inference/engine.go:91.18,92.44 1 5
github.com/wambozi/sigil/internal/inference/engine.go:93.19,94.44 1 4
github.com/wambozi/sigil/internal/inference/engine.go:95.24,97.35 2 2
github.com/wambozi/sigil/internal/inference/engine.go:97.35,100.4 2 1
github.com/wambozi/sigil/internal/inference/engine.go:101.3,101.21 1 1
github.com/wambozi/sigil/internal/inference/engine.go:102.10,104.35 2 1
github.com/wambozi/sigil/internal/inference/engine.go:104.35,107.4 2 1
github.com/wambozi/sigil/internal/inference/engine.go:108.3,108.21 1 0
github.com/wambozi/sigil/internal/inference/engine.go:112.101,113.20 1 7
github.com/wambozi/sigil/internal/inference/engine.go:113.20,115.3 1 1
github.com/wambozi/sigil/internal/inference/engine.go:116.2,116.44 1 6
github.com/wambozi/sigil/internal/inference/engine.go:119.101,120.20 1 7
github.com/wambozi/sigil/internal/inference/engine.go:120.20,122.3 1 1
github.com/wambozi/sigil/internal/inference/engine.go:123.2,123.44 1 6
github.com/wambozi/sigil/internal/inference/engine.go:127.50,128.16 1 8
github.com/wambozi/sigil/internal/inference/engine.go:129.18,130.21 1 2
github.com/wambozi/sigil/internal/inference/engine.go:130.21,132.4 1 1
github.com/wambozi/sigil/internal/inference/engine.go:133.3,133.63 1 1
github.com/wambozi/sigil/internal/inference/engine.go:134.19,135.21 1 3
github.com/wambozi/sigil/internal/inference/engine.go:135.21,137.4 1 3
github.com/wambozi/sigil/internal/inference/engine.go:138.3,138.63 1 0
github.com/wambozi/sigil/internal/inference/engine.go:139.10,141.21 1 3
github.com/wambozi/sigil/internal/inference/engine.go:141.21,142.44 1 2
github.com/wambozi/sigil/internal/inference/engine.go:142.44,144.5 1 1
github.com/wambozi/sigil/internal/inference/engine.go:146.3,146.21 1 2
github.com/wambozi/sigil/internal/inference/engine.go:146.21,148.4 1 1
github.com/wambozi/sigil/internal/inference/engine.go:149.3,149.55 1 1
github.com/wambozi/sigil/internal/inference/engine.go:160.32,161.38 1 3
github.com/wambozi/sigil/internal/inference/engine.go:161.38,163.3 1 2
github.com/wambozi/sigil/internal/inference/engine.go:164.2,164.12 1 1
github.com/wambozi/sigil/internal/inference/local.go:45.73,47.15 2 10
github.com/wambozi/sigil/internal/inference/local.go:47.15,49.3 1 0
github.com/wambozi/sigil/internal/inference/local.go:51.2,69.16 6 10
github.com/wambozi/sigil/internal/inference/local.go:69.16,72.3 2 7
github.com/wambozi/sigil/internal/inference/local.go:75.2,75.25 1 3
github.com/wambozi/sigil/internal/inference/local.go:75.25,76.41 1 0
github.com/wambozi/sigil/internal/inference/local.go:76.41,78.4 1 0
github.com/wambozi/sigil/internal/inference/local.go:80.3,80.23 1 0
github.com/wambozi/sigil/internal/inference/local.go:83.2,83.15 1 3
github.com/wambozi/sigil/internal/inference/local.go:87.44,89.21 2 0
github.com/wambozi/sigil/internal/inference/local.go:89.21,92.22 2 0
github.com/wambozi/sigil/internal/inference/local.go:92.22,94.4 1 0
github.com/wambozi/sigil/internal/inference/local.go:98.2,99.21 2 0
github.com/wambozi/sigil/internal/inference/local.go:99.21,101.44 1 0
github.com/wambozi/sigil/internal/inference/local.go:101.44,102.27 1 0
github.com/wambozi/sigil/internal/inference/local.go:102.27,105.42 2 0
github.com/wambozi/sigil/internal/inference/local.go:105.42,107.6 1 0
github.com/wambozi/sigil/internal/inference/local.go:108.5,108.46 1 0
github.com/wambozi/sigil/internal/inference/local.go:108.46,110.6 1 0
github.com/wambozi/sigil/internal/inference/local.go:111.5,111.10 1 0
github.com/wambozi/sigil/internal/inference/local.go:116.2,117.18 2 0
github.com/wambozi/sigil/internal/inference/local.go:117.18,119.3 1 0
github.com/wambozi/sigil/internal/inference/local.go:121.2,127.26 2 0
github.com/wambozi/sigil/internal/inference/local.go:127.26,129.3 1 0
github.com/wambozi/sigil/internal/inference/local.go:131.2,140.36 6 0
github.com/wambozi/sigil/internal/inference/local.go:140.36,142.3 1 0
github.com/wambozi/sigil/internal/inference/local.go:144.2,150.42 5 0
github.com/wambozi/sigil/internal/inference/local.go:150.42,154.3 2 0
github.com/wambozi/sigil/internal/inference/local.go:156.2,159.12 2 0
github.com/wambozi/sigil/internal/inference/local.go:159.12,161.3 1 0
github.com/wambozi/sigil/internal/inference/local.go:163.2,163.12 1 0
github.com/wambozi/sigil/internal/inference/local.go:167.46,171.34 3 0
github.com/wambozi/sigil/internal/inference/local.go:171.34,176.17 4 0
github.com/wambozi/sigil/internal/inference/local.go:176.17,178.4 1 0
github.com/wambozi/sigil/internal/inference/local.go:180.3,181.30 2 0
github.com/wambozi/sigil/internal/inference/local.go:181.30,183.4 1 0
github.com/wambozi/sigil/internal/inference/local.go:186.2,186.55 1 0
github.com/wambozi/sigil/internal/inference/local.go:190.40,194.6 3 0
github.com/wambozi/sigil/internal/inference/local.go:194.6,195.10 1 0
github.com/wambozi/sigil/internal/inference/local.go:196.29,197.10 1 0
github.com/wambozi/sigil/internal/inference/local.go:198.19,204.31 5 0
github.com/wambozi/sigil/internal/inference/local.go:204.31,205.13 1 0
github.com/wambozi/sigil/internal/inference/local.go:208.4,212.18 4 0
github.com/wambozi/sigil/internal/inference/local.go:212.18,217.32 4 0
github.com/wambozi/sigil/internal/inference/local.go:217.32,220.14 2 0
github.com/wambozi/sigil/internal/inference/local.go:223.5,231.43 5 0
github.com/wambozi/sigil/internal/inference/local.go:231.43,233.6 1 0
github.com/wambozi/sigil/internal/inference/local.go:235.5,237.18 3 0
github.com/wambozi/sigil/internal/inference/local.go:244.38,250.17 5 0
github.com/wambozi/sigil/internal/inference/local.go:250.17,252.3 1 0
github.com/wambozi/sigil/internal/inference/local.go:255.2,259.12 3 0
github.com/wambozi/sigil/internal/inference/local.go:259.12,262.3 2 0
github.com/wambozi/sigil/internal/inference/local.go:264.2,264.9 1 0
github.com/wambozi/sigil/internal/inference/local.go:265.14,266.65 1 0
github.com/wambozi/sigil/internal/inference/local.go:267.37,270.9 3 0
github.com/wambozi/sigil/internal/inference/local.go:275.102,277.18 2 6
github.com/wambozi/sigil/internal/inference/local.go:277.18,279.3 1 1
github.com/wambozi/sigil/internal/inference/local.go:280.2,286.16 3 6
github.com/wambozi/sigil/internal/inference/local.go:286.16,288.3 1 0
github.com/wambozi/sigil/internal/inference/local.go:290.2,292.16 3 6
github.com/wambozi/sigil/internal/inference/local.go:292.16,294.3 1 0
github.com/wambozi/sigil/internal/inference/local.go:295.2,299.16 4 6
github.com/wambozi/sigil/internal/inference/local.go:299.16,301.3 1 0
github.com/wambozi/sigil/internal/inference/local.go:302.2,305.38 3 6
github.com/wambozi/sigil/internal/inference/local.go:305.38,308.3 2 2
github.com/wambozi/sigil/internal/inference/local.go:310.2,311.63 2 4
github.com/wambozi/sigil/internal/inference/local.go:311.63,313.3 1 0
github.com/wambozi/sigil/internal/inference/local.go:314.2,314.26 1 4
github.com/wambozi/sigil/internal/inference/local.go:314.26,316.3 1 1
github.com/wambozi/sigil/internal/inference/local.go:318.2,322.8 1 3
github.com/wambozi/sigil/internal/inference/local.go:326.56,329.16 3 13
github.com/wambozi/sigil/internal/inference/local.go:329.16,331.3 1 0
github.com/wambozi/sigil/internal/inference/local.go:332.2,333.16 2 13
github.com/wambozi/sigil/internal/inference/local.go:333.16,335.3 1 0
github.com/wambozi/sigil/internal/inference/local.go:336.2,337.38 2 13
github.com/wambozi/sigil/internal/inference/local.go:337.38,339.3 1 4
github.com/wambozi/sigil/internal/inference/local.go:340.2,340.12 1 9
github.com/wambozi/sigil/internal/inference/local.go:344.37,346.23 2 1
github.com/wambozi/sigil/internal/inference/local.go:346.23,351.14 5 1
github.com/wambozi/sigil/internal/inference/local.go:351.14,354.4 2 0
github.com/wambozi/sigil/internal/inference/local.go:356.2,356.12 1 1
github.com/wambozi/sigil/internal/inference/models.go:45.25,47.16 2 8
github.com/wambozi/sigil/internal/inference/models.go:47.16,50.3 2 1
github.com/wambozi/sigil/internal/inference/models.go:51.2,51.48 1 8
github.com/wambozi/sigil/internal/inference/models.go:55.36,57.9 2 3
github.com/wambozi/sigil/internal/inference/models.go:57.9,59.3 1 1
github.com/wambozi/sigil/internal/inference/models.go:60.2,61.41 2 2
github.com/wambozi/sigil/internal/inference/models.go:61.41,63.3 1 1
github.com/wambozi/sigil/internal/inference/models.go:64.2,64.13 1 1
github.com/wambozi/sigil/internal/inference/models.go:75.39,78.38 3 2
github.com/wambozi/sigil/internal/inference/models.go:78.38,81.17 3 4
github.com/wambozi/sigil/internal/inference/models.go:81.17,82.12 1 3
github.com/wambozi/sigil/internal/inference/models.go:84.3,84.82 1 1
github.com/wambozi/sigil/internal/inference/models.go:86.2,86.15 1 2
github.com/wambozi/sigil/internal/inference/models.go:91.88,93.9 2 0
github.com/wambozi/sigil/internal/inference/models.go:93.9,95.3 1 0
github.com/wambozi/sigil/internal/inference/models.go:97.2,98.48 2 0
github.com/wambozi/sigil/internal/inference/models.go:98.48,100.3 1 0
github.com/wambozi/sigil/internal/inference/models.go:102.2,105.44 2 0
github.com/wambozi/sigil/internal/inference/models.go:105.44,107.24 1 0
github.com/wambozi/sigil/internal/inference/models.go:107.24,108.60 1 0
github.com/wambozi/sigil/internal/inference/models.go:108.60,110.5 1 0
github.com/wambozi/sigil/internal/inference/models.go:110.10,113.5 2 0
github.com/wambozi/sigil/internal/inference/models.go:114.9,117.4 2 0
github.com/wambozi/sigil/internal/inference/models.go:121.2,124.16 3 0
github.com/wambozi/sigil/internal/inference/models.go:124.16,126.3 1 0
github.com/wambozi/sigil/internal/inference/models.go:128.2,129.16 2 0
github.com/wambozi/sigil/internal/inference/models.go:129.16,131.3 1 0
github.com/wambozi/sigil/internal/inference/models.go:132.2,134.38 2 0
github.com/wambozi/sigil/internal/inference/models.go:134.38,136.3 1 0
github.com/wambozi/sigil/internal/inference/models.go:139.2,141.16 3 0
github.com/wambozi/sigil/internal/inference/models.go:141.16,143.3 1 0
github.com/wambozi/sigil/internal/inference/models.go:145.2,149.28 4 0
github.com/wambozi/sigil/internal/inference/models.go:149.28,151.3 1 0
github.com/wambozi/sigil/internal/inference/models.go:154.2,157.6 4 0
github.com/wambozi/sigil/internal/inference/models.go:157.6,159.12 2 0
github.com/wambozi/sigil/internal/inference/models.go:159.12,161.23 2 0
github.com/wambozi/sigil/internal/inference/models.go:161.23,165.5 3 0
github.com/wambozi/sigil/internal/inference/models.go:166.4,169.22 2 0
github.com/wambozi/sigil/internal/inference/models.go:169.22,171.26 2 0
github.com/wambozi/sigil/internal/inference/models.go:171.26,175.6 2 0
github.com/wambozi/sigil/internal/inference/models.go:178.3,178.21 1 0
github.com/wambozi/sigil/internal/inference/models.go:178.21,179.25 1 0
github.com/wambozi/sigil/internal/inference/models.go:179.25,180.10 1 0
github.com/wambozi/sigil/internal/inference/models.go:182.4,184.55 3 0
github.com/wambozi/sigil/internal/inference/models.go:187.2,191.49 3 0
github.com/wambozi/sigil/internal/inference/models.go:191.49,194.3 2 0
github.com/wambozi/sigil/internal/inference/models.go:197.2,197.49 1 0
github.com/wambozi/sigil/internal/inference/models.go:197.49,199.3 1 0
github.com/wambozi/sigil/internal/inference/models.go:201.2,202.18 2 0
github.com/wambozi/sigil/internal/inference/models.go:206.50,208.16 2 0
github.com/wambozi/sigil/internal/inference/models.go:208.16,210.3 1 0
github.com/wambozi/sigil/internal/inference/models.go:211.2,214.41 3 0
github.com/wambozi/sigil/internal/inference/models.go:214.41,216.3 1 0
github.com/wambozi/sigil/internal/inference/models.go:218.2,219.21 2 0
github.com/wambozi/sigil/internal/inference/models.go:219.21,221.3 1 0
github.com/wambozi/sigil/internal/inference/models.go:222.2,222.12 1 0
github.com/wambozi/sigil/internal/analyzer/analyzer.go:62.108,71.2 1 2
github.com/wambozi/sigil/internal/analyzer/analyzer.go:75.30,76.9 1 0
github.com/wambozi/sigil/internal/analyzer/analyzer.go:77.33,77.33 0 0
github.com/wambozi/sigil/internal/analyzer/analyzer.go:78.10,78.10 0 0
github.com/wambozi/sigil/internal/analyzer/analyzer.go:84.45,91.6 4 0
github.com/wambozi/sigil/internal/analyzer/analyzer.go:91.6,92.10 1 0
github.com/wambozi/sigil/internal/analyzer/analyzer.go:93.21,94.10 1 0
github.com/wambozi/sigil/internal/analyzer/analyzer.go:95.19,96.19 1 0
github.com/wambozi/sigil/internal/analyzer/analyzer.go:97.22,99.19 2 0
github.com/wambozi/sigil/internal/analyzer/analyzer.go:105.50,109.16 3 0
github.com/wambozi/sigil/internal/analyzer/analyzer.go:109.16,112.3 2 0
github.com/wambozi/sigil/internal/analyzer/analyzer.go:116.2,116.21 1 0
github.com/wambozi/sigil/internal/analyzer/analyzer.go:116.21,120.21 4 0
github.com/wambozi/sigil/internal/analyzer/analyzer.go:120.21,122.4 1 0
github.com/wambozi/sigil/internal/analyzer/analyzer.go:122.9,122.59 1 0
github.com/wambozi/sigil/internal/analyzer/analyzer.go:122.59,125.4 1 0
github.com/wambozi/sigil/internal/analyzer/analyzer.go:128.2,134.24 3 0
github.com/wambozi/sigil/internal/analyzer/analyzer.go:134.24,136.3 1 0
github.com/wambozi/sigil/internal/analyzer/analyzer.go:140.68,150.4 3 2
github.com/wambozi/sigil/internal/analyzer/analyzer.go:150.4,152.17 2 10
github.com/wambozi/sigil/internal/analyzer/analyzer.go:152.17,154.4 1 0
github.com/wambozi/sigil/internal/analyzer/analyzer.go:155.3,155.29 1 10
github.com/wambozi/sigil/internal/analyzer/analyzer.go:158.2,159.16 2 2
github.com/wambozi/sigil/internal/analyzer/analyzer.go:159.16,162.3 1 0
github.com/wambozi/sigil/internal/analyzer/analyzer.go:163.2,167.16 3 2
github.com/wambozi/sigil/internal/analyzer/analyzer.go:167.16,169.3 1 0
github.com/wambozi/sigil/internal/analyzer/analyzer.go:169.8,171.3 1 2
github.com/wambozi/sigil/internal/analyzer/analyzer.go:173.2,174.16 2 2
github.com/wambozi/sigil/internal/analyzer/analyzer.go:174.16,176.3 1 0
github.com/wambozi/sigil/internal/analyzer/analyzer.go:176.8,178.3 1 2
github.com/wambozi/sigil/internal/analyzer/analyzer.go:180.2,181.16 2 2
github.com/wambozi/sigil/internal/analyzer/analyzer.go:181.16,183.3 1 0
github.com/wambozi/sigil/internal/analyzer/analyzer.go:183.8,185.31 1 2
github.com/wambozi/sigil/internal/analyzer/analyzer.go:185.31,187.4 1 0
github.com/wambozi/sigil/internal/analyzer/analyzer.go:188.3,188.42 1 2
github.com/wambozi/sigil/internal/analyzer/analyzer.go:191.2,191.21 1 2
github.com/wambozi/sigil/internal/analyzer/analyzer.go:196.69,203.16 3 0
github.com/wambozi/sigil/internal/analyzer/analyzer.go:203.16,205.3 1 0
github.com/wambozi/sigil/internal/analyzer/analyzer.go:207.2,218.12 4 0
github.com/wambozi/sigil/internal/analyzer/analyzer.go:232.37,246.20 5 2
github.com/wambozi/sigil/internal/analyzer/analyzer.go:246.20,248.27 2 0
github.com/wambozi/sigil/internal/analyzer/analyzer.go:248.27,249.13 1 0
github.com/wambozi/sigil/internal/analyzer/analyzer.go:249.13,251.5 1 0
github.com/wambozi/sigil/internal/analyzer/analyzer.go:252.4,252.53 1 0
github.com/wambozi/sigil/internal/analyzer/analyzer.go:254.3,254.22 1 0
github.com/wambozi/sigil/internal/analyzer/analyzer.go:258.2,259.26 2 2
github.com/wambozi/sigil/internal/analyzer/analyzer.go:259.26,261.34 2 0
github.com/wambozi/sigil/internal/analyzer/analyzer.go:261.34,263.4 1 0
github.com/wambozi/sigil/internal/analyzer/analyzer.go:267.2,267.31 1 2
github.com/wambozi/sigil/internal/analyzer/analyzer.go:267.31,269.39 2 0
github.com/wambozi/sigil/internal/analyzer/analyzer.go:269.39,270.30 1 0
github.com/wambozi/sigil/internal/analyzer/analyzer.go:270.30,272.5 1 0
github.com/wambozi/sigil/internal/analyzer/analyzer.go:274.3,276.33 3 0
github.com/wambozi/sigil/internal/analyzer/analyzer.go:276.33,277.16 1 0
github.com/wambozi/sigil/internal/analyzer/analyzer.go:277.16,280.5 2 0
github.com/wambozi/sigil/internal/analyzer/analyzer.go:282.3,284.19 2 0
github.com/wambozi/sigil/internal/analyzer/analyzer.go:284.19,286.4 1 0
github.com/wambozi/sigil/internal/analyzer/analyzer.go:287.3,287.22 1 0
github.com/wambozi/sigil/internal/analyzer/analyzer.go:291.2,292.33 2 2
github.com/wambozi/sigil/internal/analyzer/analyzer.go:292.33,293.56 1 0
github.com/wambozi/sigil/internal/analyzer/analyzer.go:293.56,295.4 1 0
github.com/wambozi/sigil/internal/analyzer/analyzer.go:297.2,297.60 1 2
github.com/wambozi/sigil/internal/analyzer/analyzer.go:297.60,301.3 2 0
github.com/wambozi/sigil/internal/analyzer/analyzer.go:303.2,308.24 3 2
github.com/wambozi/sigil/internal/analyzer/analyzer.go:308.24,319.21 4 0
github.com/wambozi/sigil/internal/analyzer/analyzer.go:319.21,321.4 1 0
github.com/wambozi/sigil/internal/analyzer/analyzer.go:322.3,322.21 1 0
github.com/wambozi/sigil/internal/analyzer/analyzer.go:322.21,324.28 2 0
github.com/wambozi/sigil/internal/analyzer/analyzer.go:324.28,325.14 1 0
github.com/wambozi/sigil/internal/analyzer/analyzer.go:325.14,327.6 1 0
github.com/wambozi/sigil/internal/analyzer/analyzer.go:328.5,328.54 1 0
github.com/wambozi/sigil/internal/analyzer/analyzer.go:330.4,330.23 1 0
github.com/wambozi/sigil/internal/analyzer/analyzer.go:333.3,334.32 2 0
github.com/wambozi/sigil/internal/analyzer/analyzer.go:334.32,336.4 1 0
github.com/wambozi/sigil/internal/analyzer/analyzer.go:337.3,337.32 1 0
github.com/wambozi/sigil/internal/analyzer/analyzer.go:337.32,339.40 2 0
github.com/wambozi/sigil/internal/analyzer/analyzer.go:339.40,341.5 1 0
github.com/wambozi/sigil/internal/analyzer/analyzer.go:344.3,345.22 2 0
github.com/wambozi/sigil/internal/analyzer/analyzer.go:348.2,348.15 1 2
github.com/wambozi/sigil/internal/analyzer/patterns.go:63.66,65.2 1 40
github.com/wambozi/sigil/internal/analyzer/patterns.go:70.101,96.27 5 19
github.com/wambozi/sigil/internal/analyzer/patterns.go:96.27,98.17 2 285
github.com/wambozi/sigil/internal/analyzer/patterns.go:98.17,102.12 2 0
github.com/wambozi/sigil/internal/analyzer/patterns.go:104.3,104.36 1 285
github.com/wambozi/sigil/internal/analyzer/patterns.go:106.2,106.17 1 19
github.com/wambozi/sigil/internal/analyzer/patterns.go:112.107,114.16 2 19
github.com/wambozi/sigil/internal/analyzer/patterns.go:114.16,116.3 1 0
github.com/wambozi/sigil/internal/analyzer/patterns.go:117.2,118.16 2 19
github.com/wambozi/sigil/internal/analyzer/patterns.go:118.16,120.3 1 0
github.com/wambozi/sigil/internal/analyzer/patterns.go:121.2,121.50 1 19
github.com/wambozi/sigil/internal/analyzer/patterns.go:121.50,123.3 1 11
github.com/wambozi/sigil/internal/analyzer/patterns.go:126.2,129.32 3 8
github.com/wambozi/sigil/internal/analyzer/patterns.go:129.32,131.16 2 36
github.com/wambozi/sigil/internal/analyzer/patterns.go:131.16,132.12 1 0
github.com/wambozi/sigil/internal/analyzer/patterns.go:134.3,139.33 3 36
github.com/wambozi/sigil/internal/analyzer/patterns.go:139.33,140.41 1 58
github.com/wambozi/sigil/internal/analyzer/patterns.go:140.41,141.13 1 25
github.com/wambozi/sigil/internal/analyzer/patterns.go:143.4,143.36 1 33
github.com/wambozi/sigil/internal/analyzer/patterns.go:143.36,144.10 1 4
github.com/wambozi/sigil/internal/analyzer/patterns.go:146.4,146.64 1 29
github.com/wambozi/sigil/internal/analyzer/patterns.go:146.64,148.10 2 29
github.com/wambozi/sigil/internal/analyzer/patterns.go:153.2,154.36 2 8
github.com/wambozi/sigil/internal/analyzer/patterns.go:154.36,155.17 1 8
github.com/wambozi/sigil/internal/analyzer/patterns.go:155.17,156.12 1 0
github.com/wambozi/sigil/internal/analyzer/patterns.go:158.3,159.32 2 8
github.com/wambozi/sigil/internal/analyzer/patterns.go:159.32,160.12 1 1
github.com/wambozi/sigil/internal/analyzer/patterns.go:162.3,170.5 1 7
github.com/wambozi/sigil/internal/analyzer/patterns.go:172.2,172.17 1 8
github.com/wambozi/sigil/internal/analyzer/patterns.go:180.111,182.16 2 19
github.com/wambozi/sigil/internal/analyzer/patterns.go:182.16,184.3 1 0
github.com/wambozi/sigil/internal/analyzer/patterns.go:185.2,186.16 2 19
github.com/wambozi/sigil/internal/analyzer/patterns.go:186.16,188.3 1 0
github.com/wambozi/sigil/internal/analyzer/patterns.go:189.2,189.50 1 19
github.com/wambozi/sigil/internal/analyzer/patterns.go:189.50,191.3 1 11
github.com/wambozi/sigil/internal/analyzer/patterns.go:197.2,214.32 5 8
github.com/wambozi/sigil/internal/analyzer/patterns.go:214.32,216.17 2 36
github.com/wambozi/sigil/internal/analyzer/patterns.go:216.17,217.12 1 0
github.com/wambozi/sigil/internal/analyzer/patterns.go:219.3,223.5 1 36
github.com/wambozi/sigil/internal/analyzer/patterns.go:225.2,225.32 1 8
github.com/wambozi/sigil/internal/analyzer/patterns.go:225.32,227.35 2 17
github.com/wambozi/sigil/internal/analyzer/patterns.go:227.35,228.12 1 0
github.com/wambozi/sigil/internal/analyzer/patterns.go:230.3,235.5 1 17
github.com/wambozi/sigil/internal/analyzer/patterns.go:239.2,239.37 1 8
github.com/wambozi/sigil/internal/analyzer/patterns.go:239.37,240.69 1 45
github.com/wambozi/sigil/internal/analyzer/patterns.go:240.69,242.4 1 25
github.com/wambozi/sigil/internal/analyzer/patterns.go:245.2,245.33 1 8
github.com/wambozi/sigil/internal/analyzer/patterns.go:245.33,246.19 1 53
github.com/wambozi/sigil/internal/analyzer/patterns.go:246.19,248.11 2 36
github.com/wambozi/sigil/internal/analyzer/patterns.go:248.11,251.5 2 8
github.com/wambozi/sigil/internal/analyzer/patterns.go:253.4,253.21 1 36
github.com/wambozi/sigil/internal/analyzer/patterns.go:253.21,257.5 2 7
github.com/wambozi/sigil/internal/analyzer/patterns.go:259.4,260.23 2 36
github.com/wambozi/sigil/internal/analyzer/patterns.go:261.9,263.27 1 17
github.com/wambozi/sigil/internal/analyzer/patterns.go:263.27,264.13 1 8
github.com/wambozi/sigil/internal/analyzer/patterns.go:267.4,267.29 1 9
github.com/wambozi/sigil/internal/analyzer/patterns.go:267.29,268.22 1 9
github.com/wambozi/sigil/internal/analyzer/patterns.go:268.22,269.14 1 0
github.com/wambozi/sigil/internal/analyzer/patterns.go:271.5,271.51 1 9
github.com/wambozi/sigil/internal/analyzer/patterns.go:271.51,273.14 2 0
github.com/wambozi/sigil/internal/analyzer/patterns.go:276.5,277.25 2 9
github.com/wambozi/sigil/internal/analyzer/patterns.go:282.2,283.30 2 8
github.com/wambozi/sigil/internal/analyzer/patterns.go:283.30,284.43 1 8
github.com/wambozi/sigil/internal/analyzer/patterns.go:284.43,285.12 1 7
github.com/wambozi/sigil/internal/analyzer/patterns.go:289.3,291.31 3 1
github.com/wambozi/sigil/internal/analyzer/patterns.go:291.31,292.25 1 3
github.com/wambozi/sigil/internal/analyzer/patterns.go:292.25,294.5 1 3
github.com/wambozi/sigil/internal/analyzer/patterns.go:296.3,296.34 1 1
github.com/wambozi/sigil/internal/analyzer/patterns.go:296.34,297.12 1 0
github.com/wambozi/sigil/internal/analyzer/patterns.go:300.3,308.5 1 1
github.com/wambozi/sigil/internal/analyzer/patterns.go:310.2,310.17 1 8
github.com/wambozi/sigil/internal/analyzer/patterns.go:318.109,320.16 2 19
github.com/wambozi/sigil/internal/analyzer/patterns.go:320.16,322.3 1 0
github.com/wambozi/sigil/internal/analyzer/patterns.go:323.2,324.16 2 19
github.com/wambozi/sigil/internal/analyzer/patterns.go:324.16,326.3 1 0
github.com/wambozi/sigil/internal/analyzer/patterns.go:327.2,327.26 1 19
github.com/wambozi/sigil/internal/analyzer/patterns.go:327.26,329.3 1 5
github.com/wambozi/sigil/internal/analyzer/patterns.go:332.2,333.32 2 14
github.com/wambozi/sigil/internal/analyzer/patterns.go:333.32,335.17 2 89
github.com/wambozi/sigil/internal/analyzer/patterns.go:335.17,336.12 1 2
github.com/wambozi/sigil/internal/analyzer/patterns.go:338.3,338.64 1 87
github.com/wambozi/sigil/internal/analyzer/patterns.go:342.2,343.32 2 14
github.com/wambozi/sigil/internal/analyzer/patterns.go:343.32,344.98 1 17
github.com/wambozi/sigil/internal/analyzer/patterns.go:344.98,346.4 1 9
github.com/wambozi/sigil/internal/analyzer/patterns.go:351.2,352.40 2 14
github.com/wambozi/sigil/internal/analyzer/patterns.go:352.40,353.38 1 18
github.com/wambozi/sigil/internal/analyzer/patterns.go:353.38,354.12 1 11
github.com/wambozi/sigil/internal/analyzer/patterns.go:360.3,360.55 1 7
github.com/wambozi/sigil/internal/analyzer/patterns.go:360.55,366.66 4 23
github.com/wambozi/sigil/internal/analyzer/patterns.go:366.66,368.5 1 156
github.com/wambozi/sigil/internal/analyzer/patterns.go:369.4,369.34 1 23
github.com/wambozi/sigil/internal/analyzer/patterns.go:369.34,370.13 1 2
github.com/wambozi/sigil/internal/analyzer/patterns.go:374.4,375.33 2 21
github.com/wambozi/sigil/internal/analyzer/patterns.go:375.33,376.56 1 1
github.com/wambozi/sigil/internal/analyzer/patterns.go:376.56,378.11 2 1
github.com/wambozi/sigil/internal/analyzer/patterns.go:381.4,381.19 1 21
github.com/wambozi/sigil/internal/analyzer/patterns.go:381.19,382.13 1 20
github.com/wambozi/sigil/internal/analyzer/patterns.go:385.4,394.9 2 1
github.com/wambozi/sigil/internal/analyzer/patterns.go:397.2,397.17 1 14
github.com/wambozi/sigil/internal/analyzer/patterns.go:419.110,421.16 2 19
github.com/wambozi/sigil/internal/analyzer/patterns.go:421.16,423.3 1 0
github.com/wambozi/sigil/internal/analyzer/patterns.go:424.2,424.26 1 19
github.com/wambozi/sigil/internal/analyzer/patterns.go:424.26,426.3 1 5
github.com/wambozi/sigil/internal/analyzer/patterns.go:428.2,429.32 2 14
github.com/wambozi/sigil/internal/analyzer/patterns.go:429.32,431.17 2 89
github.com/wambozi/sigil/internal/analyzer/patterns.go:431.17,432.12 1 2
github.com/wambozi/sigil/internal/analyzer/patterns.go:434.3,435.25 2 87
github.com/wambozi/sigil/internal/analyzer/patterns.go:435.25,437.4 1 6
github.com/wambozi/sigil/internal/analyzer/patterns.go:440.2,441.30 2 14
github.com/wambozi/sigil/internal/analyzer/patterns.go:441.30,442.28 1 2
github.com/wambozi/sigil/internal/analyzer/patterns.go:442.28,443.12 1 1
github.com/wambozi/sigil/internal/analyzer/patterns.go:445.3,453.5 1 1
github.com/wambozi/sigil/internal/analyzer/patterns.go:455.2,455.17 1 14
github.com/wambozi/sigil/internal/analyzer/patterns.go:465.108,474.16 5 19
github.com/wambozi/sigil/internal/analyzer/patterns.go:474.16,476.3 1 0
github.com/wambozi/sigil/internal/analyzer/patterns.go:477.2,477.25 1 19
github.com/wambozi/sigil/internal/analyzer/patterns.go:477.25,479.3 1 5
github.com/wambozi/sigil/internal/analyzer/patterns.go:481.2,483.30 3 14
github.com/wambozi/sigil/internal/analyzer/patterns.go:483.30,485.17 2 90
github.com/wambozi/sigil/internal/analyzer/patterns.go:485.17,486.12 1 3
github.com/wambozi/sigil/internal/analyzer/patterns.go:488.3,488.38 1 87
github.com/wambozi/sigil/internal/analyzer/patterns.go:488.38,490.4 1 72
github.com/wambozi/sigil/internal/analyzer/patterns.go:490.9,492.4 1 15
github.com/wambozi/sigil/internal/analyzer/patterns.go:495.2,498.24 3 14
github.com/wambozi/sigil/internal/analyzer/patterns.go:498.24,500.3 1 1
github.com/wambozi/sigil/internal/analyzer/patterns.go:502.2,503.33 2 13
github.com/wambozi/sigil/internal/analyzer/patterns.go:503.33,505.3 1 5
github.com/wambozi/sigil/internal/analyzer/patterns.go:507.2,508.29 2 13
github.com/wambozi/sigil/internal/analyzer/patterns.go:508.29,509.44 1 13
github.com/wambozi/sigil/internal/analyzer/patterns.go:509.44,510.12 1 0
github.com/wambozi/sigil/internal/analyzer/patterns.go:512.3,520.5 1 13
github.com/wambozi/sigil/internal/analyzer/patterns.go:522.2,522.17 1 13
github.com/wambozi/sigil/internal/analyzer/patterns.go:527.65,529.34 2 29
github.com/wambozi/sigil/internal/analyzer/patterns.go:529.34,531.3 1 19
github.com/wambozi/sigil/internal/analyzer/patterns.go:532.2,532.32 1 29
github.com/wambozi/sigil/internal/analyzer/patterns.go:532.32,533.59 1 4
github.com/wambozi/sigil/internal/analyzer/patterns.go:533.59,535.4 1 0
github.com/wambozi/sigil/internal/analyzer/patterns.go:537.2,537.18 1 29
github.com/wambozi/sigil/internal/analyzer/patterns.go:537.18,539.3 1 0
github.com/wambozi/sigil/internal/analyzer/patterns.go:540.2,540.12 1 29
github.com/wambozi/sigil/internal/analyzer/patterns.go:546.113,548.16 2 21
github.com/wambozi/sigil/internal/analyzer/patterns.go:548.16,550.3 1 0
github.com/wambozi/sigil/internal/analyzer/patterns.go:552.2,554.32 3 21
github.com/wambozi/sigil/internal/analyzer/patterns.go:554.32,556.29 2 15
github.com/wambozi/sigil/internal/analyzer/patterns.go:556.29,558.36 2 41
github.com/wambozi/sigil/internal/analyzer/patterns.go:558.36,559.13 1 9
github.com/wambozi/sigil/internal/analyzer/patterns.go:561.4,562.21 2 32
github.com/wambozi/sigil/internal/analyzer/patterns.go:562.21,564.27 2 22
github.com/wambozi/sigil/internal/analyzer/patterns.go:564.27,566.6 1 18
github.com/wambozi/sigil/internal/analyzer/patterns.go:567.10,569.5 1 10
github.com/wambozi/sigil/internal/analyzer/patterns.go:573.2,573.36 1 21
github.com/wambozi/sigil/internal/analyzer/patterns.go:573.36,575.3 1 18
github.com/wambozi/sigil/internal/analyzer/patterns.go:576.2,581.9 1 3
github.com/wambozi/sigil/internal/analyzer/patterns.go:588.117,590.16 2 20
github.com/wambozi/sigil/internal/analyzer/patterns.go:590.16,592.3 1 0
github.com/wambozi/sigil/internal/analyzer/patterns.go:593.2,593.26 1 20
github.com/wambozi/sigil/internal/analyzer/patterns.go:593.26,595.3 1 8
github.com/wambozi/sigil/internal/analyzer/patterns.go:597.2,598.38 2 12
github.com/wambozi/sigil/internal/analyzer/patterns.go:598.38,600.3 1 43
github.com/wambozi/sigil/internal/analyzer/patterns.go:602.2,605.32 3 12
github.com/wambozi/sigil/internal/analyzer/patterns.go:605.32,609.29 3 13
github.com/wambozi/sigil/internal/analyzer/patterns.go:609.29,613.14 3 43
github.com/wambozi/sigil/internal/analyzer/patterns.go:613.14,615.13 2 13
github.com/wambozi/sigil/internal/analyzer/patterns.go:617.4,617.35 1 30
github.com/wambozi/sigil/internal/analyzer/patterns.go:617.35,619.5 1 17
github.com/wambozi/sigil/internal/analyzer/patterns.go:620.4,620.17 1 30
github.com/wambozi/sigil/internal/analyzer/patterns.go:623.3,623.37 1 13
github.com/wambozi/sigil/internal/analyzer/patterns.go:623.37,624.23 1 3
github.com/wambozi/sigil/internal/analyzer/patterns.go:624.23,626.5 1 2
github.com/wambozi/sigil/internal/analyzer/patterns.go:630.2,630.45 1 12
github.com/wambozi/sigil/internal/analyzer/patterns.go:630.45,632.3 1 10
github.com/wambozi/sigil/internal/analyzer/patterns.go:633.2,641.9 1 2
github.com/wambozi/sigil/internal/analyzer/patterns.go:646.104,648.16 2 19
github.com/wambozi/sigil/internal/analyzer/patterns.go:648.16,650.3 1 0
github.com/wambozi/sigil/internal/analyzer/patterns.go:651.2,651.26 1 19
github.com/wambozi/sigil/internal/analyzer/patterns.go:651.26,653.3 1 5
github.com/wambozi/sigil/internal/analyzer/patterns.go:656.2,657.32 2 14
github.com/wambozi/sigil/internal/analyzer/patterns.go:657.32,659.3 1 89
github.com/wambozi/sigil/internal/analyzer/patterns.go:661.2,663.32 3 14
github.com/wambozi/sigil/internal/analyzer/patterns.go:663.32,664.20 1 20
github.com/wambozi/sigil/internal/analyzer/patterns.go:664.20,667.4 2 15
github.com/wambozi/sigil/internal/analyzer/patterns.go:671.2,671.19 1 14
github.com/wambozi/sigil/internal/analyzer/patterns.go:671.19,673.3 1 7
github.com/wambozi/sigil/internal/analyzer/patterns.go:674.2,682.9 1 7
github.com/wambozi/sigil/internal/analyzer/patterns.go:692.116,694.16 2 21
github.com/wambozi/sigil/internal/analyzer/patterns.go:694.16,696.3 1 0
github.com/wambozi/sigil/internal/analyzer/patterns.go:697.2,697.26 1 21
github.com/wambozi/sigil/internal/analyzer/patterns.go:697.26,699.3 1 5
github.com/wambozi/sigil/internal/analyzer/patterns.go:701.2,702.32 2 16
github.com/wambozi/sigil/internal/analyzer/patterns.go:702.32,704.3 1 117
github.com/wambozi/sigil/internal/analyzer/patterns.go:706.2,706.25 1 16
github.com/wambozi/sigil/internal/analyzer/patterns.go:706.25,708.3 1 13
github.com/wambozi/sigil/internal/analyzer/patterns.go:710.2,713.33 4 3
github.com/wambozi/sigil/internal/analyzer/patterns.go:713.33,714.20 1 6
github.com/wambozi/sigil/internal/analyzer/patterns.go:714.20,717.4 2 5
github.com/wambozi/sigil/internal/analyzer/patterns.go:718.3,718.22 1 6
github.com/wambozi/sigil/internal/analyzer/patterns.go:718.22,720.4 1 4
github.com/wambozi/sigil/internal/analyzer/patterns.go:723.2,723.69 1 3
github.com/wambozi/sigil/internal/analyzer/patterns.go:723.69,725.3 1 2
github.com/wambozi/sigil/internal/analyzer/patterns.go:727.2,735.9 1 1
github.com/wambozi/sigil/internal/analyzer/patterns.go:742.108,744.16 2 22
github.com/wambozi/sigil/internal/analyzer/patterns.go:744.16,746.3 1 0
github.com/wambozi/sigil/internal/analyzer/patterns.go:747.2,747.25 1 22
github.com/wambozi/sigil/internal/analyzer/patterns.go:747.25,749.3 1 12
github.com/wambozi/sigil/internal/analyzer/patterns.go:751.2,753.32 3 10
github.com/wambozi/sigil/internal/analyzer/patterns.go:753.32,754.22 1 16
github.com/wambozi/sigil/internal/analyzer/patterns.go:754.22,755.12 1 0
github.com/wambozi/sigil/internal/analyzer/patterns.go:757.3,757.88 1 16
github.com/wambozi/sigil/internal/analyzer/patterns.go:760.2,760.23 1 10
github.com/wambozi/sigil/internal/analyzer/patterns.go:760.23,762.3 1 7
github.com/wambozi/sigil/internal/analyzer/patterns.go:764.2,765.29 2 3
github.com/wambozi/sigil/internal/analyzer/patterns.go:765.29,767.3 1 9
github.com/wambozi/sigil/internal/analyzer/patterns.go:768.2,770.22 2 3
github.com/wambozi/sigil/internal/analyzer/patterns.go:770.22,772.3 1 1
github.com/wambozi/sigil/internal/analyzer/patterns.go:774.2,782.9 1 2
github.com/wambozi/sigil/internal/analyzer/patterns.go:787.103,789.16 2 22
github.com/wambozi/sigil/internal/analyzer/patterns.go:789.16,791.3 1 0
github.com/wambozi/sigil/internal/analyzer/patterns.go:792.2,792.25 1 22
github.com/wambozi/sigil/internal/analyzer/patterns.go:792.25,794.3 1 12
github.com/wambozi/sigil/internal/analyzer/patterns.go:796.2,798.32 3 10
github.com/wambozi/sigil/internal/analyzer/patterns.go:798.32,799.22 1 14
github.com/wambozi/sigil/internal/analyzer/patterns.go:799.22,800.12 1 0
github.com/wambozi/sigil/internal/analyzer/patterns.go:802.3,802.88 1 14
github.com/wambozi/sigil/internal/analyzer/patterns.go:806.2,806.23 1 10
github.com/wambozi/sigil/internal/analyzer/patterns.go:806.23,808.3 1 8
github.com/wambozi/sigil/internal/analyzer/patterns.go:810.2,811.29 2 2
github.com/wambozi/sigil/internal/analyzer/patterns.go:811.29,813.3 1 6
github.com/wambozi/sigil/internal/analyzer/patterns.go:814.2,824.9 2 2
github.com/wambozi/sigil/internal/analyzer/patterns.go:830.116,832.16 2 21
github.com/wambozi/sigil/internal/analyzer/patterns.go:832.16,834.3 1 0
github.com/wambozi/sigil/internal/analyzer/patterns.go:835.2,835.27 1 21
github.com/wambozi/sigil/internal/analyzer/patterns.go:835.27,837.3 1 20
github.com/wambozi/sigil/internal/analyzer/patterns.go:839.2,840.34 2 1
github.com/wambozi/sigil/internal/analyzer/patterns.go:840.34,841.29 1 5
github.com/wambozi/sigil/internal/analyzer/patterns.go:841.29,843.4 1 5
github.com/wambozi/sigil/internal/analyzer/patterns.go:846.2,848.29 3 1
github.com/wambozi/sigil/internal/analyzer/patterns.go:848.29,849.19 1 2
github.com/wambozi/sigil/internal/analyzer/patterns.go:849.19,852.4 2 2
github.com/wambozi/sigil/internal/analyzer/patterns.go:855.2,857.14 3 1
github.com/wambozi/sigil/internal/analyzer/patterns.go:857.14,859.3 1 0
github.com/wambozi/sigil/internal/analyzer/patterns.go:861.2,869.9 1 1
github.com/wambozi/sigil/internal/analyzer/patterns.go:874.120,876.16 2 21
github.com/wambozi/sigil/internal/analyzer/patterns.go:876.16,878.3 1 0
github.com/wambozi/sigil/internal/analyzer/patterns.go:880.2,880.17 1 21
github.com/wambozi/sigil/internal/analyzer/patterns.go:880.17,890.3 1 1
github.com/wambozi/sigil/internal/analyzer/patterns.go:892.2,892.16 1 20
github.com/wambozi/sigil/internal/analyzer/patterns.go:892.16,894.17 2 20
github.com/wambozi/sigil/internal/analyzer/patterns.go:894.17,896.4 1 0
github.com/wambozi/sigil/internal/analyzer/patterns.go:897.3,897.21 1 20
github.com/wambozi/sigil/internal/analyzer/patterns.go:897.21,907.4 1 1
github.com/wambozi/sigil/internal/analyzer/patterns.go:910.2,910.17 1 19
github.com/wambozi/sigil/internal/analyzer/patterns.go:926.62,928.9 2 26
github.com/wambozi/sigil/internal/analyzer/patterns.go:929.14,930.22 1 21
github.com/wambozi/sigil/internal/analyzer/patterns.go:931.13,932.22 1 1
github.com/wambozi/sigil/internal/analyzer/patterns.go:933.15,934.24 1 2
github.com/wambozi/sigil/internal/analyzer/patterns.go:935.10,936.20 1 2
github.com/wambozi/sigil/internal/analyzer/patterns.go:943.116,947.16 3 22
github.com/wambozi/sigil/internal/analyzer/patterns.go:947.16,949.3 1 0
github.com/wambozi/sigil/internal/analyzer/patterns.go:951.2,956.14 3 22
github.com/wambozi/sigil/internal/analyzer/patterns.go:957.20,959.40 1 20
github.com/wambozi/sigil/internal/analyzer/patterns.go:960.20,962.40 1 0
github.com/wambozi/sigil/internal/analyzer/patterns.go:963.22,965.40 1 1
github.com/wambozi/sigil/internal/analyzer/patterns.go:966.10,968.18 1 1
github.com/wambozi/sigil/internal/analyzer/patterns.go:973.106,975.16 2 20
github.com/wambozi/sigil/internal/analyzer/patterns.go:975.16,977.3 1 0
github.com/wambozi/sigil/internal/analyzer/patterns.go:978.2,979.32 2 20
github.com/wambozi/sigil/internal/analyzer/patterns.go:979.32,980.98 1 35
github.com/wambozi/sigil/internal/analyzer/patterns.go:980.98,982.4 1 17
github.com/wambozi/sigil/internal/analyzer/patterns.go:984.2,984.35 1 20
github.com/wambozi/sigil/internal/analyzer/patterns.go:984.35,986.3 1 17
github.com/wambozi/sigil/internal/analyzer/patterns.go:987.2,992.9 1 3
github.com/wambozi/sigil/internal/analyzer/patterns.go:996.106,998.16 2 0
github.com/wambozi/sigil/internal/analyzer/patterns.go:998.16,1000.3 1 0
github.com/wambozi/sigil/internal/analyzer/patterns.go:1001.2,1002.16 2 0
github.com/wambozi/sigil/internal/analyzer/patterns.go:1002.16,1004.3 1 0
github.com/wambozi/sigil/internal/analyzer/patterns.go:1005.2,1005.50 1 0
github.com/wambozi/sigil/internal/analyzer/patterns.go:1005.50,1007.3 1 0
[...]
github.com/wambozi/sigil/internal/store/mocks/mock_ReadWriter.go:490.60,492.3 1 0
github.com/wambozi/sigil/internal/store/mocks/mock_ReadWriter.go:492.8,494.3 1 0
github.com/wambozi/sigil/internal/store/mocks/mock_ReadWriter.go:496.2,496.15 1 0
github.com/wambozi/sigil/internal/store/mocks/mock_ReadWriter.go:500.118,503.19 2 0
github.com/wambozi/sigil/internal/store/mocks/mock_ReadWriter.go:503.19,504.64 1 0
github.com/wambozi/sigil/internal/store/mocks/mock_ReadWriter.go:507.2,508.91 2 0
github.com/wambozi/sigil/internal/store/mocks/mock_ReadWriter.go:508.91,510.3 1 0
github.com/wambozi/sigil/internal/store/mocks/mock_ReadWriter.go:510.8,512.3 1 0
github.com/wambozi/sigil/internal/store/mocks/mock_ReadWriter.go:514.2,514.11 1 0
github.com/wambozi/sigil/internal/store/mocks/mock_ReadWriter.go:522.20,526.19 3 0
github.com/wambozi/sigil/internal/store/mocks/mock_ReadWriter.go:526.19,526.49 1 0
github.com/wambozi/sigil/internal/store/mocks/mock_ReadWriter.go:528.2,528.13 1 0
github.com/wambozi/sigil/internal/store/store.go:65.40,67.16 2 28
github.com/wambozi/sigil/internal/store/store.go:67.16,69.3 1 0
github.com/wambozi/sigil/internal/store/store.go:72.2,74.36 2 28
github.com/wambozi/sigil/internal/store/store.go:74.36,77.3 2 0
github.com/wambozi/sigil/internal/store/store.go:79.2,79.28 1 28
github.com/wambozi/sigil/internal/store/store.go:83.31,85.2 1 28
github.com/wambozi/sigil/internal/store/store.go:88.71,90.16 2 30
github.com/wambozi/sigil/internal/store/store.go:90.16,92.3 1 0
github.com/wambozi/sigil/internal/store/store.go:94.2,101.12 2 30
github.com/wambozi/sigil/internal/store/store.go:105.88,107.17 2 4
github.com/wambozi/sigil/internal/store/store.go:107.17,109.3 1 2
github.com/wambozi/sigil/internal/store/store.go:111.2,122.12 2 4
github.com/wambozi/sigil/internal/store/store.go:127.97,133.16 2 8
github.com/wambozi/sigil/internal/store/store.go:133.16,136.3 1 6
github.com/wambozi/sigil/internal/store/store.go:136.8,140.3 1 2
github.com/wambozi/sigil/internal/store/store.go:141.2,141.16 1 8
github.com/wambozi/sigil/internal/store/store.go:141.16,143.3 1 0
github.com/wambozi/sigil/internal/store/store.go:144.2,147.18 3 8
github.com/wambozi/sigil/internal/store/store.go:147.18,153.90 2 9
github.com/wambozi/sigil/internal/store/store.go:153.90,155.4 1 0
github.com/wambozi/sigil/internal/store/store.go:156.3,156.69 1 9
github.com/wambozi/sigil/internal/store/store.go:156.69,158.4 1 0
github.com/wambozi/sigil/internal/store/store.go:159.3,160.29 2 9
github.com/wambozi/sigil/internal/store/store.go:162.2,162.27 1 8
github.com/wambozi/sigil/internal/store/store.go:167.99,174.2 3 1
github.com/wambozi/sigil/internal/store/store.go:177.84,179.16 2 5
github.com/wambozi/sigil/internal/store/store.go:179.16,181.3 1 0
github.com/wambozi/sigil/internal/store/store.go:182.2,190.12 3 5
github.com/wambozi/sigil/internal/store/store.go:195.80,200.16 3 3
github.com/wambozi/sigil/internal/store/store.go:200.16,202.3 1 1
github.com/wambozi/sigil/internal/store/store.go:203.2,203.43 1 2
github.com/wambozi/sigil/internal/store/store.go:235.85,242.16 2 13
github.com/wambozi/sigil/internal/store/store.go:242.16,244.3 1 0
github.com/wambozi/sigil/internal/store/store.go:245.2,245.27 1 13
github.com/wambozi/sigil/internal/store/store.go:250.102,253.16 3 9
github.com/wambozi/sigil/internal/store/store.go:254.19,257.28 1 3
github.com/wambozi/sigil/internal/store/store.go:258.54,261.28 1 6
github.com/wambozi/sigil/internal/store/store.go:262.10,265.23 1 0
github.com/wambozi/sigil/internal/store/store.go:267.2,267.12 1 9
github.com/wambozi/sigil/internal/store/store.go:272.109,277.18 2 8
github.com/wambozi/sigil/internal/store/store.go:277.18,281.3 1 4
github.com/wambozi/sigil/internal/store/store.go:281.8,286.3 1 4
github.com/wambozi/sigil/internal/store/store.go:287.2,287.16 1 8
github.com/wambozi/sigil/internal/store/store.go:287.16,289.3 1 0
github.com/wambozi/sigil/internal/store/store.go:290.2,293.18 3 8
github.com/wambozi/sigil/internal/store/store.go:293.18,305.17 2 6
github.com/wambozi/sigil/internal/store/store.go:305.17,307.4 1 0
github.com/wambozi/sigil/internal/store/store.go:308.3,310.22 3 6
github.com/wambozi/sigil/internal/store/store.go:310.22,313.4 2 3
github.com/wambozi/sigil/internal/store/store.go:314.3,314.25 1 6
github.com/wambozi/sigil/internal/store/store.go:314.25,317.4 2 1
github.com/wambozi/sigil/internal/store/store.go:318.3,318.24 1 6
github.com/wambozi/sigil/internal/store/store.go:320.2,320.24 1 8
github.com/wambozi/sigil/internal/store/store.go:336.101,341.16 2 3
github.com/wambozi/sigil/internal/store/store.go:341.16,343.3 1 0
github.com/wambozi/sigil/internal/store/store.go:344.2,347.18 3 3
github.com/wambozi/sigil/internal/store/store.go:347.18,349.41 2 7
github.com/wambozi/sigil/internal/store/store.go:349.41,351.4 1 0
github.com/wambozi/sigil/internal/store/store.go:352.3,353.63 2 7
github.com/wambozi/sigil/internal/store/store.go:353.63,354.12 1 0
github.com/wambozi/sigil/internal/store/store.go:356.3,357.17 2 7
github.com/wambozi/sigil/internal/store/store.go:357.17,358.12 1 1
github.com/wambozi/sigil/internal/store/store.go:360.3,360.17 1 6
github.com/wambozi/sigil/internal/store/store.go:362.2,362.35 1 3
github.com/wambozi/sigil/internal/store/store.go:362.35,364.3 1 0
github.com/wambozi/sigil/internal/store/store.go:367.2,368.34 2 3
github.com/wambozi/sigil/internal/store/store.go:368.34,370.3 1 3
github.com/wambozi/sigil/internal/store/store.go:372.2,372.32 1 3
github.com/wambozi/sigil/internal/store/store.go:372.32,373.59 1 2
github.com/wambozi/sigil/internal/store/store.go:373.59,375.4 1 0
github.com/wambozi/sigil/internal/store/store.go:377.2,377.18 1 3
github.com/wambozi/sigil/internal/store/store.go:377.18,379.3 1 1
github.com/wambozi/sigil/internal/store/store.go:380.2,380.17 1 3
github.com/wambozi/sigil/internal/store/store.go:385.98,387.2 1 1
github.com/wambozi/sigil/internal/store/store.go:391.98,393.2 1 1
github.com/wambozi/sigil/internal/store/store.go:397.100,399.2 1 1
github.com/wambozi/sigil/internal/store/store.go:402.112,408.16 2 3
github.com/wambozi/sigil/internal/store/store.go:408.16,410.3 1 0
github.com/wambozi/sigil/internal/store/store.go:411.2,414.18 3 3
github.com/wambozi/sigil/internal/store/store.go:414.18,420.90 2 3
github.com/wambozi/sigil/internal/store/store.go:420.90,422.4 1 0
github.com/wambozi/sigil/internal/store/store.go:423.3,423.69 1 3
github.com/wambozi/sigil/internal/store/store.go:423.69,425.4 1 0
github.com/wambozi/sigil/internal/store/store.go:426.3,427.23 2 3
github.com/wambozi/sigil/internal/store/store.go:429.2,429.24 1 3
github.com/wambozi/sigil/internal/store/store.go:433.106,439.16 2 2
github.com/wambozi/sigil/internal/store/store.go:439.16,441.3 1 0
github.com/wambozi/sigil/internal/store/store.go:442.2,445.18 3 2
github.com/wambozi/sigil/internal/store/store.go:445.18,453.111 2 1
github.com/wambozi/sigil/internal/store/store.go:453.111,455.4 1 0
github.com/wambozi/sigil/internal/store/store.go:456.3,460.24 5 1
github.com/wambozi/sigil/internal/store/store.go:462.2,462.24 1 2
github.com/wambozi/sigil/internal/store/store.go:467.102,473.16 3 2
github.com/wambozi/sigil/internal/store/store.go:473.16,475.3 1 0
github.com/wambozi/sigil/internal/store/store.go:476.2,480.16 2 2
github.com/wambozi/sigil/internal/store/store.go:480.16,482.3 1 0
github.com/wambozi/sigil/internal/store/store.go:483.2,483.16 1 2
github.com/wambozi/sigil/internal/store/store.go:483.16,485.3 1 1
github.com/wambozi/sigil/internal/store/store.go:486.2,486.48 1 1
github.com/wambozi/sigil/internal/store/store.go:491.99,498.2 3 2
github.com/wambozi/sigil/internal/store/store.go:514.140,521.2 2 4
github.com/wambozi/sigil/internal/store/store.go:525.83,534.16 3 3
github.com/wambozi/sigil/internal/store/store.go:534.16,536.3 1 0
github.com/wambozi/sigil/internal/store/store.go:537.2,540.18 3 3
github.com/wambozi/sigil/internal/store/store.go:540.18,546.113 2 2
github.com/wambozi/sigil/internal/store/store.go:546.113,548.4 1 0
github.com/wambozi/sigil/internal/store/store.go:549.3,551.23 3 2
github.com/wambozi/sigil/internal/store/store.go:553.2,553.24 1 3
github.com/wambozi/sigil/internal/store/store.go:557.78,563.2 2 1
github.com/wambozi/sigil/internal/store/store.go:568.95,574.2 2 1
github.com/wambozi/sigil/internal/store/store.go:578.32,647.2 3 29
github.com/wambozi/sigil/internal/store/store.go:653.31,655.27 2 1
github.com/wambozi/sigil/internal/store/store.go:655.27,656.58 1 5
github.com/wambozi/sigil/internal/store/store.go:656.58,658.4 1 0
github.com/wambozi/sigil/internal/store/store.go:662.2,667.37 5 1
github.com/wambozi/sigil/internal/store/store.go:667.37,669.3 1 0
github.com/wambozi/sigil/internal/store/store.go:671.2,671.42 1 1
github.com/wambozi/sigil/internal/store/store.go:671.42,672.43 1 0
github.com/wambozi/sigil/internal/store/store.go:672.43,674.4 1 0
github.com/wambozi/sigil/internal/store/store.go:676.2,676.12 1 1
github.com/wambozi/sigil/internal/store/store.go:680.43,685.16 4 2
github.com/wambozi/sigil/internal/store/store.go:685.16,687.3 1 0
github.com/wambozi/sigil/internal/store/store.go:688.2,688.27 1 2
github.com/wambozi/sigil/internal/store/store.go:688.27,696.18 1 1
github.com/wambozi/sigil/internal/store/store.go:696.18,698.4 1 0
github.com/wambozi/sigil/internal/store/store.go:701.2,702.16 2 2
github.com/wambozi/sigil/internal/store/store.go:702.16,704.3 1 0
github.com/wambozi/sigil/internal/store/store.go:705.2,705.33 1 2
github.com/wambozi/sigil/internal/store/store.go:705.33,716.18 1 1
github.com/wambozi/sigil/internal/store/store.go:716.18,718.4 1 0
github.com/wambozi/sigil/internal/store/store.go:720.2,720.12 1 2
github.com/wambozi/sigil/internal/fleet/reporter.go:59.83,61.24 2 28
github.com/wambozi/sigil/internal/fleet/reporter.go:61.24,62.70 1 18
github.com/wambozi/sigil/internal/fleet/reporter.go:62.70,64.4 1 18
github.com/wambozi/sigil/internal/fleet/reporter.go:67.2,68.18 2 28
github.com/wambozi/sigil/internal/fleet/reporter.go:68.18,70.3 1 28
github.com/wambozi/sigil/internal/fleet/reporter.go:72.2,79.3 1 28
github.com/wambozi/sigil/internal/fleet/reporter.go:83.45,84.16 1 3
github.com/wambozi/sigil/internal/fleet/reporter.go:84.16,87.3 2 1
github.com/wambozi/sigil/internal/fleet/reporter.go:89.2,97.6 5 2
github.com/wambozi/sigil/internal/fleet/reporter.go:97.6,98.10 1 11
github.com/wambozi/sigil/internal/fleet/reporter.go:99.21,100.10 1 2
github.com/wambozi/sigil/internal/fleet/reporter.go:101.19,103.22 2 9
github.com/wambozi/sigil/internal/fleet/reporter.go:109.47,111.16 2 11
github.com/wambozi/sigil/internal/fleet/reporter.go:111.16,114.3 2 1
github.com/wambozi/sigil/internal/fleet/reporter.go:116.2,120.19 4 10
github.com/wambozi/sigil/internal/fleet/reporter.go:124.70,126.2 1 2
github.com/wambozi/sigil/internal/fleet/reporter.go:129.29,135.2 5 1
github.com/wambozi/sigil/internal/fleet/reporter.go:138.51,142.2 3 5
github.com/wambozi/sigil/internal/fleet/reporter.go:145.53,146.22 1 15
github.com/wambozi/sigil/internal/fleet/reporter.go:146.22,148.3 1 1
github.com/wambozi/sigil/internal/fleet/reporter.go:150.2,152.16 2 14
github.com/wambozi/sigil/internal/fleet/reporter.go:152.16,155.3 2 0
github.com/wambozi/sigil/internal/fleet/reporter.go:157.2,158.16 2 14
github.com/wambozi/sigil/internal/fleet/reporter.go:158.16,161.3 2 1
github.com/wambozi/sigil/internal/fleet/reporter.go:162.2,164.38 2 13
github.com/wambozi/sigil/internal/fleet/reporter.go:164.38,167.3 2 1
github.com/wambozi/sigil/internal/fleet/reporter.go:169.2,170.67 2 12
github.com/wambozi/sigil/internal/fleet/reporter.go:170.67,173.3 2 1
github.com/wambozi/sigil/internal/fleet/reporter.go:175.2,178.82 4 11
github.com/wambozi/sigil/internal/fleet/reporter.go:182.35,186.2 3 4
github.com/wambozi/sigil/internal/fleet/reporter.go:189.36,193.2 3 7
github.com/wambozi/sigil/internal/fleet/reporter.go:196.76,207.16 4 13
github.com/wambozi/sigil/internal/fleet/reporter.go:207.16,209.3 1 1
github.com/wambozi/sigil/internal/fleet/reporter.go:211.2,212.36 2 12
github.com/wambozi/sigil/internal/fleet/reporter.go:212.36,214.16 2 8
github.com/wambozi/sigil/internal/fleet/reporter.go:214.16,216.4 1 0
github.com/wambozi/sigil/internal/fleet/reporter.go:217.3,219.28 3 8
github.com/wambozi/sigil/internal/fleet/reporter.go:219.28,221.4 1 5
github.com/wambozi/sigil/internal/fleet/reporter.go:225.2,225.22 1 12
github.com/wambozi/sigil/internal/fleet/reporter.go:225.22,227.3 1 1
github.com/wambozi/sigil/internal/fleet/reporter.go:230.2,231.16 2 12
github.com/wambozi/sigil/internal/fleet/reporter.go:231.16,233.3 1 0
github.com/wambozi/sigil/internal/fleet/reporter.go:233.8,235.3 1 12
github.com/wambozi/sigil/internal/fleet/reporter.go:238.2,244.4 3 12
github.com/wambozi/sigil/internal/fleet/reporter.go:244.4,246.17 2 60
github.com/wambozi/sigil/internal/fleet/reporter.go:246.17,247.12 1 0
github.com/wambozi/sigil/internal/fleet/reporter.go:249.3,249.13 1 60
github.com/wambozi/sigil/internal/fleet/reporter.go:251.2,256.20 3 12
github.com/wambozi/sigil/internal/fleet/reporter.go:264.65,265.9 1 16
github.com/wambozi/sigil/internal/fleet/reporter.go:266.23,267.11 1 12
github.com/wambozi/sigil/internal/fleet/reporter.go:268.42,269.11 1 2
github.com/wambozi/sigil/internal/fleet/reporter.go:270.43,271.11 1 1
github.com/wambozi/sigil/internal/fleet/reporter.go:272.10,273.11 1 1
github.com/wambozi/sigil/internal/fleet/reporter.go:279.90,281.16 2 19
github.com/wambozi/sigil/internal/fleet/reporter.go:281.16,283.3 1 1
github.com/wambozi/sigil/internal/fleet/reporter.go:285.2,286.27 2 18
github.com/wambozi/sigil/internal/fleet/reporter.go:286.27,288.27 2 17
github.com/wambozi/sigil/internal/fleet/reporter.go:288.27,289.12 1 2
github.com/wambozi/sigil/internal/fleet/reporter.go:291.3,293.42 3 15
github.com/wambozi/sigil/internal/fleet/reporter.go:293.42,294.26 1 15
github.com/wambozi/sigil/internal/fleet/reporter.go:295.17,296.23 1 15
github.com/wambozi/sigil/internal/fleet/reporter.go:297.13,298.18 1 0
github.com/wambozi/sigil/internal/fleet/reporter.go:301.3,301.20 1 15
github.com/wambozi/sigil/internal/fleet/reporter.go:301.20,303.4 1 9
github.com/wambozi/sigil/internal/fleet/reporter.go:306.2,306.17 1 18
github.com/wambozi/sigil/internal/fleet/reporter.go:306.17,308.3 1 12
github.com/wambozi/sigil/internal/fleet/reporter.go:309.2,309.45 1 6
github.com/wambozi/sigil/internal/fleet/reporter.go:313.38,321.29 2 24
github.com/wambozi/sigil/internal/fleet/reporter.go:321.29,322.46 1 93
github.com/wambozi/sigil/internal/fleet/reporter.go:322.46,324.4 1 20
github.com/wambozi/sigil/internal/fleet/reporter.go:326.2,326.14 1 4
github.com/wambozi/sigil/internal/fleet/reporter.go:330.52,332.23 2 13
github.com/wambozi/sigil/internal/fleet/reporter.go:332.23,335.3 2 1
github.com/wambozi/sigil/internal/fleet/reporter.go:336.2,341.33 5 12
github.com/wambozi/sigil/internal/fleet/reporter.go:341.33,342.51 1 13
github.com/wambozi/sigil/internal/fleet/reporter.go:342.51,344.9 2 1
github.com/wambozi/sigil/internal/fleet/reporter.go:346.3,346.9 1 12
github.com/wambozi/sigil/internal/fleet/reporter.go:349.2,349.14 1 12
github.com/wambozi/sigil/internal/fleet/reporter.go:349.14,354.3 4 11
github.com/wambozi/sigil/internal/fleet/reporter.go:358.78,359.22 1 16
github.com/wambozi/sigil/internal/fleet/reporter.go:359.22,361.3 1 1
github.com/wambozi/sigil/internal/fleet/reporter.go:363.2,364.16 2 15
github.com/wambozi/sigil/internal/fleet/reporter.go:364.16,366.3 1 0
github.com/wambozi/sigil/internal/fleet/reporter.go:368.2,370.16 2 15
github.com/wambozi/sigil/internal/fleet/reporter.go:370.16,372.3 1 0
github.com/wambozi/sigil/internal/fleet/reporter.go:373.2,376.16 3 15
github.com/wambozi/sigil/internal/fleet/reporter.go:376.16,378.3 1 0
github.com/wambozi/sigil/internal/fleet/reporter.go:379.2,381.28 2 15
github.com/wambozi/sigil/internal/fleet/reporter.go:381.28,383.3 1 2
github.com/wambozi/sigil/internal/fleet/reporter.go:384.2,384.12 1 13
github.com/wambozi/sigil/internal/fleet/reporter.go:389.50,391.16 2 31
github.com/wambozi/sigil/internal/fleet/reporter.go:391.16,394.3 2 28
github.com/wambozi/sigil/internal/fleet/reporter.go:395.2,399.33 4 31
github.com/wambozi/sigil/internal/fleet/reporter.go:399.33,401.3 1 30
github.com/wambozi/sigil/internal/fleet/reporter.go:403.2,404.48 2 1
github.com/wambozi/sigil/internal/fleet/reporter.go:404.48,407.3 2 0
github.com/wambozi/sigil/internal/fleet/reporter.go:408.2,408.62 1 1
github.com/wambozi/sigil/internal/fleet/reporter.go:408.62,410.3 1 0
github.com/wambozi/sigil/internal/fleet/reporter.go:411.2,411.11 1 1
github.com/wambozi/sigil/internal/fleet/reporter.go:415.28,422.2 5 2
github.com/wambozi/sigil/internal/notifier/notifier.go:101.70,109.2 1 0
github.com/wambozi/sigil/internal/notifier/notifier.go:112.34,116.2 3 5
github.com/wambozi/sigil/internal/notifier/notifier.go:119.38,124.2 4 5
github.com/wambozi/sigil/internal/notifier/notifier.go:129.43,142.16 3 20
github.com/wambozi/sigil/internal/notifier/notifier.go:142.16,145.3 1 0
github.com/wambozi/sigil/internal/notifier/notifier.go:148.2,148.80 1 20
github.com/wambozi/sigil/internal/notifier/notifier.go:148.80,150.3 1 2
github.com/wambozi/sigil/internal/notifier/notifier.go:152.2,161.15 5 20
github.com/wambozi/sigil/internal/notifier/notifier.go:162.19,162.19 0 1
github.com/wambozi/sigil/internal/notifier/notifier.go:165.19,166.22 1 5
github.com/wambozi/sigil/internal/notifier/notifier.go:166.22,170.4 3 4
github.com/wambozi/sigil/internal/notifier/notifier.go:172.20,173.21 1 7
github.com/wambozi/sigil/internal/notifier/notifier.go:173.21,175.4 1 1
github.com/wambozi/sigil/internal/notifier/notifier.go:176.3,176.41 1 6
github.com/wambozi/sigil/internal/notifier/notifier.go:176.41,178.4 1 1
github.com/wambozi/sigil/internal/notifier/notifier.go:179.3,179.58 1 5
github.com/wambozi/sigil/internal/notifier/notifier.go:179.58,183.4 2 1
github.com/wambozi/sigil/internal/notifier/notifier.go:184.3,184.27 1 4
github.com/wambozi/sigil/internal/notifier/notifier.go:186.27,187.21 1 4
github.com/wambozi/sigil/internal/notifier/notifier.go:187.21,189.4 1 1
github.com/wambozi/sigil/internal/notifier/notifier.go:190.3,190.72 1 3
github.com/wambozi/sigil/internal/notifier/notifier.go:190.72,194.4 2 1
github.com/wambozi/sigil/internal/notifier/notifier.go:195.3,195.40 1 2
github.com/wambozi/sigil/internal/notifier/notifier.go:197.23,198.21 1 3
github.com/wambozi/sigil/internal/notifier/notifier.go:198.21,200.4 1 1
github.com/wambozi/sigil/internal/notifier/notifier.go:201.3,201.66 1 2
github.com/wambozi/sigil/internal/notifier/notifier.go:201.66,203.4 1 0
github.com/wambozi/sigil/internal/notifier/notifier.go:203.9,205.4 1 2
github.com/wambozi/sigil/internal/notifier/notifier.go:212.80,216.54 4 13
github.com/wambozi/sigil/internal/notifier/notifier.go:216.54,218.3 1 4
github.com/wambozi/sigil/internal/notifier/notifier.go:219.2,220.13 2 9
github.com/wambozi/sigil/internal/notifier/notifier.go:225.34,231.21 5 5
github.com/wambozi/sigil/internal/notifier/notifier.go:231.21,233.3 1 3
github.com/wambozi/sigil/internal/notifier/notifier.go:236.2,237.27 2 2
github.com/wambozi/sigil/internal/notifier/notifier.go:237.27,238.12 1 4
github.com/wambozi/sigil/internal/notifier/notifier.go:238.12,240.4 1 2
github.com/wambozi/sigil/internal/notifier/notifier.go:241.3,241.45 1 4
github.com/wambozi/sigil/internal/notifier/notifier.go:244.2,244.52 1 2
github.com/wambozi/sigil/internal/notifier/notifier.go:249.67,260.2 5 8
github.com/wambozi/sigil/internal/notifier/notifier.go:265.66,279.57 6 2
github.com/wambozi/sigil/internal/notifier/notifier.go:279.57,283.3 3 1
github.com/wambozi/sigil/internal/notifier/notifier.go:284.2,285.54 2 1
github.com/wambozi/sigil/internal/notifier/platform_linux.go:18.45,20.2 1 0
github.com/wambozi/sigil/internal/notifier/platform_linux.go:22.58,37.34 4 0
github.com/wambozi/sigil/internal/notifier/platform_linux.go:37.34,39.3 1 0
github.com/wambozi/sigil/internal/notifier/platform_linux.go:42.56,48.2 4 0
